mode: set
github.com/signalridge/slipway/internal/state/bundle_root.go:15.83,17.16 2 1
github.com/signalridge/slipway/internal/state/bundle_root.go:17.16,19.3 1 0
github.com/signalridge/slipway/internal/state/bundle_root.go:20.2,21.16 2 1
github.com/signalridge/slipway/internal/state/bundle_root.go:21.16,23.3 1 0
github.com/signalridge/slipway/internal/state/bundle_root.go:25.2,27.22 3 1
github.com/signalridge/slipway/internal/state/bundle_root.go:27.22,29.3 1 1
github.com/signalridge/slipway/internal/state/bundle_root.go:31.2,31.44 1 1
github.com/signalridge/slipway/internal/state/bundle_root.go:31.44,32.37 1 0
github.com/signalridge/slipway/internal/state/bundle_root.go:32.37,34.4 1 0
github.com/signalridge/slipway/internal/state/bundle_root.go:35.3,35.13 1 0
github.com/signalridge/slipway/internal/state/bundle_root.go:38.2,38.45 1 1
github.com/signalridge/slipway/internal/state/bundle_root.go:38.45,39.20 1 1
github.com/signalridge/slipway/internal/state/bundle_root.go:39.20,41.4 1 0
github.com/signalridge/slipway/internal/state/bundle_root.go:42.3,43.21 2 1
github.com/signalridge/slipway/internal/state/bundle_root.go:43.21,45.4 1 0
github.com/signalridge/slipway/internal/state/bundle_root.go:46.3,46.23 1 1
github.com/signalridge/slipway/internal/state/bundle_root.go:46.23,48.4 1 1
github.com/signalridge/slipway/internal/state/bundle_root.go:49.3,49.42 1 0
github.com/signalridge/slipway/internal/state/bundle_root.go:49.42,51.4 1 0
github.com/signalridge/slipway/internal/state/bundle_root.go:52.8,52.44 1 1
github.com/signalridge/slipway/internal/state/bundle_root.go:52.44,54.3 1 0
github.com/signalridge/slipway/internal/state/bundle_root.go:56.2,56.52 1 1
github.com/signalridge/slipway/internal/state/bundle_root.go:56.52,57.81 1 1
github.com/signalridge/slipway/internal/state/bundle_root.go:57.81,59.4 1 0
github.com/signalridge/slipway/internal/state/bundle_root.go:60.3,60.81 1 1
github.com/signalridge/slipway/internal/state/bundle_root.go:60.81,62.4 1 0
github.com/signalridge/slipway/internal/state/bundle_root.go:65.2,65.56 1 1
github.com/signalridge/slipway/internal/state/bundle_root.go:65.56,67.3 1 0
github.com/signalridge/slipway/internal/state/bundle_root.go:68.2,68.35 1 1
github.com/signalridge/slipway/internal/state/config_paths.go:13.37,15.2 1 1
github.com/signalridge/slipway/internal/state/config_paths.go:17.42,20.2 2 1
github.com/signalridge/slipway/internal/state/config_paths.go:22.42,25.2 2 1
github.com/signalridge/slipway/internal/state/config_paths.go:27.46,29.2 1 1
github.com/signalridge/slipway/internal/state/config_paths.go:31.74,33.16 2 1
github.com/signalridge/slipway/internal/state/config_paths.go:33.16,35.3 1 0
github.com/signalridge/slipway/internal/state/config_paths.go:36.2,36.35 1 1
github.com/signalridge/slipway/internal/state/config_paths.go:36.35,38.3 1 1
github.com/signalridge/slipway/internal/state/config_paths.go:40.2,42.16 3 1
github.com/signalridge/slipway/internal/state/config_paths.go:42.16,43.37 1 1
github.com/signalridge/slipway/internal/state/config_paths.go:43.37,45.4 1 1
github.com/signalridge/slipway/internal/state/config_paths.go:46.3,46.13 1 0
github.com/signalridge/slipway/internal/state/config_paths.go:48.2,48.81 1 0
github.com/signalridge/slipway/internal/state/config_paths.go:48.81,50.3 1 0
github.com/signalridge/slipway/internal/state/config_paths.go:51.2,51.67 1 0
github.com/signalridge/slipway/internal/state/config_paths.go:56.74,58.16 2 1
github.com/signalridge/slipway/internal/state/config_paths.go:58.16,60.3 1 0
github.com/signalridge/slipway/internal/state/config_paths.go:61.2,61.68 1 1
github.com/signalridge/slipway/internal/state/delete.go:89.48,91.2 1 0
github.com/signalridge/slipway/internal/state/delete.go:94.47,96.2 1 0
github.com/signalridge/slipway/internal/state/delete.go:98.75,100.30 2 0
github.com/signalridge/slipway/internal/state/delete.go:100.30,101.25 1 0
github.com/signalridge/slipway/internal/state/delete.go:101.25,103.4 1 0
github.com/signalridge/slipway/internal/state/delete.go:105.2,105.12 1 0
github.com/signalridge/slipway/internal/state/delete.go:109.40,111.2 1 0
github.com/signalridge/slipway/internal/state/delete.go:114.44,116.2 1 0
github.com/signalridge/slipway/internal/state/delete.go:131.44,133.16 2 1
github.com/signalridge/slipway/internal/state/delete.go:133.16,135.3 1 0
github.com/signalridge/slipway/internal/state/delete.go:136.2,136.37 1 1
github.com/signalridge/slipway/internal/state/delete.go:136.37,138.3 1 0
github.com/signalridge/slipway/internal/state/delete.go:139.2,139.124 1 1
github.com/signalridge/slipway/internal/state/delete.go:139.124,141.3 1 1
github.com/signalridge/slipway/internal/state/delete.go:142.2,142.51 1 1
github.com/signalridge/slipway/internal/state/delete.go:142.51,144.3 1 0
github.com/signalridge/slipway/internal/state/delete.go:145.2,145.12 1 1
github.com/signalridge/slipway/internal/state/delete.go:151.81,153.49 2 0
github.com/signalridge/slipway/internal/state/delete.go:153.49,155.3 1 0
github.com/signalridge/slipway/internal/state/delete.go:156.2,156.19 1 0
github.com/signalridge/slipway/internal/state/delete.go:156.19,158.3 1 0
github.com/signalridge/slipway/internal/state/delete.go:159.2,159.48 1 0
github.com/signalridge/slipway/internal/state/delete.go:162.87,164.16 2 0
github.com/signalridge/slipway/internal/state/delete.go:164.16,166.3 1 0
github.com/signalridge/slipway/internal/state/delete.go:168.2,171.21 2 0
github.com/signalridge/slipway/internal/state/delete.go:171.21,172.59 1 0
github.com/signalridge/slipway/internal/state/delete.go:172.59,174.4 1 0
github.com/signalridge/slipway/internal/state/delete.go:175.3,175.121 1 0
github.com/signalridge/slipway/internal/state/delete.go:176.8,178.3 1 0
github.com/signalridge/slipway/internal/state/delete.go:181.2,182.27 2 0
github.com/signalridge/slipway/internal/state/delete.go:182.27,184.3 1 0
github.com/signalridge/slipway/internal/state/delete.go:184.8,186.3 1 0
github.com/signalridge/slipway/internal/state/delete.go:189.2,191.18 2 0
github.com/signalridge/slipway/internal/state/delete.go:194.89,196.16 2 0
github.com/signalridge/slipway/internal/state/delete.go:196.16,198.3 1 0
github.com/signalridge/slipway/internal/state/delete.go:199.2,200.23 2 0
github.com/signalridge/slipway/internal/state/delete.go:200.23,202.3 1 0
github.com/signalridge/slipway/internal/state/delete.go:202.8,204.3 1 0
github.com/signalridge/slipway/internal/state/delete.go:205.2,205.39 1 0
github.com/signalridge/slipway/internal/state/delete.go:205.39,212.3 1 0
github.com/signalridge/slipway/internal/state/delete.go:213.2,213.18 1 0
github.com/signalridge/slipway/internal/state/delete.go:216.77,218.2 1 1
github.com/signalridge/slipway/internal/state/delete.go:220.136,222.16 2 1
github.com/signalridge/slipway/internal/state/delete.go:222.16,229.26 2 1
github.com/signalridge/slipway/internal/state/delete.go:229.26,231.4 1 1
github.com/signalridge/slipway/internal/state/delete.go:232.3,232.16 1 1
github.com/signalridge/slipway/internal/state/delete.go:234.2,234.43 1 1
github.com/signalridge/slipway/internal/state/delete.go:234.43,236.26 2 0
github.com/signalridge/slipway/internal/state/delete.go:236.26,238.4 1 0
github.com/signalridge/slipway/internal/state/delete.go:239.3,239.102 1 0
github.com/signalridge/slipway/internal/state/delete.go:241.2,242.26 2 1
github.com/signalridge/slipway/internal/state/delete.go:242.26,246.3 3 0
github.com/signalridge/slipway/internal/state/delete.go:247.2,247.56 1 1
github.com/signalridge/slipway/internal/state/delete.go:247.56,251.3 3 0
github.com/signalridge/slipway/internal/state/delete.go:252.2,253.17 2 1
github.com/signalridge/slipway/internal/state/delete.go:253.17,257.3 3 0
github.com/signalridge/slipway/internal/state/delete.go:258.2,258.17 1 1
github.com/signalridge/slipway/internal/state/delete.go:258.17,262.3 3 0
github.com/signalridge/slipway/internal/state/delete.go:263.2,264.17 2 1
github.com/signalridge/slipway/internal/state/delete.go:264.17,268.3 3 0
github.com/signalridge/slipway/internal/state/delete.go:269.2,269.13 1 1
github.com/signalridge/slipway/internal/state/delete.go:269.13,272.3 2 0
github.com/signalridge/slipway/internal/state/delete.go:273.2,274.17 2 1
github.com/signalridge/slipway/internal/state/delete.go:274.17,278.3 3 0
github.com/signalridge/slipway/internal/state/delete.go:279.2,279.18 1 1
github.com/signalridge/slipway/internal/state/delete.go:279.18,283.3 3 1
github.com/signalridge/slipway/internal/state/delete.go:284.2,285.17 2 1
github.com/signalridge/slipway/internal/state/delete.go:285.17,289.3 3 0
github.com/signalridge/slipway/internal/state/delete.go:290.2,290.19 1 1
github.com/signalridge/slipway/internal/state/delete.go:290.19,293.3 2 0
github.com/signalridge/slipway/internal/state/delete.go:294.2,294.15 1 1
github.com/signalridge/slipway/internal/state/delete.go:300.96,314.33 5 0
github.com/signalridge/slipway/internal/state/delete.go:314.33,315.42 1 0
github.com/signalridge/slipway/internal/state/delete.go:315.42,317.12 2 0
github.com/signalridge/slipway/internal/state/delete.go:319.3,319.76 1 0
github.com/signalridge/slipway/internal/state/delete.go:319.76,321.4 1 0
github.com/signalridge/slipway/internal/state/delete.go:322.3,322.50 1 0
github.com/signalridge/slipway/internal/state/delete.go:324.2,324.20 1 0
github.com/signalridge/slipway/internal/state/delete.go:327.92,328.21 1 0
github.com/signalridge/slipway/internal/state/delete.go:329.62,330.54 1 0
github.com/signalridge/slipway/internal/state/delete.go:330.54,332.4 1 0
github.com/signalridge/slipway/internal/state/delete.go:333.3,333.48 1 0
github.com/signalridge/slipway/internal/state/delete.go:333.48,334.77 1 0
github.com/signalridge/slipway/internal/state/delete.go:334.77,336.5 1 0
github.com/signalridge/slipway/internal/state/delete.go:338.3,338.13 1 0
github.com/signalridge/slipway/internal/state/delete.go:339.34,340.70 1 0
github.com/signalridge/slipway/internal/state/delete.go:340.70,342.4 1 0
github.com/signalridge/slipway/internal/state/delete.go:343.3,343.13 1 0
github.com/signalridge/slipway/internal/state/delete.go:344.28,345.86 1 0
github.com/signalridge/slipway/internal/state/delete.go:345.86,347.4 1 0
github.com/signalridge/slipway/internal/state/delete.go:348.3,348.13 1 0
github.com/signalridge/slipway/internal/state/delete.go:349.10,350.66 1 0
github.com/signalridge/slipway/internal/state/delete.go:359.78,361.24 2 0
github.com/signalridge/slipway/internal/state/delete.go:361.24,363.3 1 0
github.com/signalridge/slipway/internal/state/delete.go:364.2,365.16 2 0
github.com/signalridge/slipway/internal/state/delete.go:365.16,367.3 1 0
github.com/signalridge/slipway/internal/state/delete.go:368.2,368.12 1 0
github.com/signalridge/slipway/internal/state/delete.go:368.12,369.90 1 0
github.com/signalridge/slipway/internal/state/delete.go:369.90,371.4 1 0
github.com/signalridge/slipway/internal/state/delete.go:371.9,371.27 1 0
github.com/signalridge/slipway/internal/state/delete.go:371.27,373.4 1 0
github.com/signalridge/slipway/internal/state/delete.go:375.2,376.16 2 0
github.com/signalridge/slipway/internal/state/delete.go:376.16,378.3 1 0
github.com/signalridge/slipway/internal/state/delete.go:379.2,380.16 2 0
github.com/signalridge/slipway/internal/state/delete.go:380.16,382.3 1 0
github.com/signalridge/slipway/internal/state/delete.go:384.2,386.12 3 0
github.com/signalridge/slipway/internal/state/delete.go:394.82,396.16 2 1
github.com/signalridge/slipway/internal/state/delete.go:396.16,397.42 1 0
github.com/signalridge/slipway/internal/state/delete.go:397.42,399.4 1 0
github.com/signalridge/slipway/internal/state/delete.go:400.3,400.20 1 0
github.com/signalridge/slipway/internal/state/delete.go:402.2,403.16 2 1
github.com/signalridge/slipway/internal/state/delete.go:403.16,405.3 1 0
github.com/signalridge/slipway/internal/state/delete.go:406.2,407.16 2 1
github.com/signalridge/slipway/internal/state/delete.go:407.16,409.3 1 0
github.com/signalridge/slipway/internal/state/delete.go:410.2,410.31 1 1
github.com/signalridge/slipway/internal/state/delete.go:410.31,412.3 1 0
github.com/signalridge/slipway/internal/state/delete.go:413.2,414.16 2 1
github.com/signalridge/slipway/internal/state/delete.go:414.16,416.3 1 0
github.com/signalridge/slipway/internal/state/delete.go:417.2,417.70 1 1
github.com/signalridge/slipway/internal/state/delete.go:423.67,424.56 1 1
github.com/signalridge/slipway/internal/state/delete.go:424.56,426.3 1 0
github.com/signalridge/slipway/internal/state/delete.go:427.2,428.16 2 1
github.com/signalridge/slipway/internal/state/delete.go:428.16,429.42 1 0
github.com/signalridge/slipway/internal/state/delete.go:429.42,431.4 1 0
github.com/signalridge/slipway/internal/state/delete.go:432.3,432.17 1 0
github.com/signalridge/slipway/internal/state/delete.go:434.2,435.16 2 1
github.com/signalridge/slipway/internal/state/delete.go:435.16,437.3 1 0
github.com/signalridge/slipway/internal/state/delete.go:438.2,439.16 2 1
github.com/signalridge/slipway/internal/state/delete.go:439.16,441.3 1 0
github.com/signalridge/slipway/internal/state/delete.go:442.2,442.40 1 1
github.com/signalridge/slipway/internal/state/delete.go:442.40,444.3 1 1
github.com/signalridge/slipway/internal/state/delete.go:445.2,445.16 1 0
github.com/signalridge/slipway/internal/state/delete.go:448.59,450.16 2 1
github.com/signalridge/slipway/internal/state/delete.go:450.16,451.20 1 1
github.com/signalridge/slipway/internal/state/delete.go:451.20,453.4 1 0
github.com/signalridge/slipway/internal/state/delete.go:454.3,454.19 1 1
github.com/signalridge/slipway/internal/state/delete.go:456.2,456.36 1 0
github.com/signalridge/slipway/internal/state/delete.go:456.36,458.3 1 0
github.com/signalridge/slipway/internal/state/delete.go:459.2,459.19 1 0
github.com/signalridge/slipway/internal/state/delete.go:462.69,464.16 2 1
github.com/signalridge/slipway/internal/state/delete.go:464.16,465.42 1 0
github.com/signalridge/slipway/internal/state/delete.go:465.42,467.4 1 0
github.com/signalridge/slipway/internal/state/delete.go:468.3,468.20 1 0
github.com/signalridge/slipway/internal/state/delete.go:470.2,471.16 2 1
github.com/signalridge/slipway/internal/state/delete.go:471.16,473.3 1 0
github.com/signalridge/slipway/internal/state/delete.go:474.2,475.16 2 1
github.com/signalridge/slipway/internal/state/delete.go:475.16,477.3 1 0
github.com/signalridge/slipway/internal/state/delete.go:478.2,479.16 2 1
github.com/signalridge/slipway/internal/state/delete.go:486.78,490.4 1 1
github.com/signalridge/slipway/internal/state/delete.go:490.4,492.17 2 1
github.com/signalridge/slipway/internal/state/delete.go:492.17,493.12 1 1
github.com/signalridge/slipway/internal/state/delete.go:495.3,496.31 2 0
github.com/signalridge/slipway/internal/state/delete.go:496.31,497.31 1 0
github.com/signalridge/slipway/internal/state/delete.go:497.31,499.5 1 0
github.com/signalridge/slipway/internal/state/delete.go:501.3,501.100 1 0
github.com/signalridge/slipway/internal/state/delete.go:503.2,503.19 1 1
github.com/signalridge/slipway/internal/state/delete.go:506.90,507.11 1 1
github.com/signalridge/slipway/internal/state/delete.go:507.11,509.3 1 0
github.com/signalridge/slipway/internal/state/delete.go:510.2,511.16 2 1
github.com/signalridge/slipway/internal/state/delete.go:511.16,513.3 1 0
github.com/signalridge/slipway/internal/state/delete.go:514.2,514.11 1 1
github.com/signalridge/slipway/internal/state/delete.go:514.11,516.3 1 0
github.com/signalridge/slipway/internal/state/delete.go:517.2,518.16 2 1
github.com/signalridge/slipway/internal/state/delete.go:518.16,520.3 1 0
github.com/signalridge/slipway/internal/state/delete.go:521.2,521.30 1 1
github.com/signalridge/slipway/internal/state/delete.go:521.30,526.3 1 0
github.com/signalridge/slipway/internal/state/delete.go:527.2,527.16 1 1
github.com/signalridge/slipway/internal/state/delete.go:530.80,535.16 2 1
github.com/signalridge/slipway/internal/state/delete.go:535.16,537.3 1 0
github.com/signalridge/slipway/internal/state/delete.go:538.2,539.50 2 1
github.com/signalridge/slipway/internal/state/delete.go:539.50,540.20 1 1
github.com/signalridge/slipway/internal/state/delete.go:540.20,541.12 1 1
github.com/signalridge/slipway/internal/state/delete.go:543.3,544.45 2 0
github.com/signalridge/slipway/internal/state/delete.go:544.45,545.12 1 0
github.com/signalridge/slipway/internal/state/delete.go:547.3,547.32 1 0
github.com/signalridge/slipway/internal/state/delete.go:549.2,549.20 1 1
github.com/signalridge/slipway/internal/state/delete.go:552.57,553.14 1 0
github.com/signalridge/slipway/internal/state/delete.go:554.37,555.14 1 0
github.com/signalridge/slipway/internal/state/delete.go:557.2,559.4 1 0
github.com/signalridge/slipway/internal/state/delete.go:559.4,560.38 1 0
github.com/signalridge/slipway/internal/state/delete.go:560.38,562.4 1 0
github.com/signalridge/slipway/internal/state/delete.go:564.2,564.14 1 0
github.com/signalridge/slipway/internal/state/delete.go:567.57,568.25 1 0
github.com/signalridge/slipway/internal/state/delete.go:568.25,570.3 1 0
github.com/signalridge/slipway/internal/state/delete.go:571.2,571.91 1 0
github.com/signalridge/slipway/internal/state/delete.go:577.84,579.16 2 0
github.com/signalridge/slipway/internal/state/delete.go:579.16,581.3 1 0
github.com/signalridge/slipway/internal/state/delete.go:582.2,582.27 1 0
github.com/signalridge/slipway/internal/state/delete.go:582.27,585.37 3 0
github.com/signalridge/slipway/internal/state/delete.go:585.37,587.4 1 0
github.com/signalridge/slipway/internal/state/delete.go:588.3,588.60 1 0
github.com/signalridge/slipway/internal/state/delete.go:588.60,590.4 1 0
github.com/signalridge/slipway/internal/state/delete.go:592.2,592.16 1 0
github.com/signalridge/slipway/internal/state/delete.go:595.120,603.2 1 1
github.com/signalridge/slipway/internal/state/delete.go:605.34,608.2 2 0
github.com/signalridge/slipway/internal/state/delete.go:611.39,614.24 3 1
github.com/signalridge/slipway/internal/state/delete.go:614.24,616.3 1 1
github.com/signalridge/slipway/internal/state/delete.go:617.2,618.16 2 0
github.com/signalridge/slipway/internal/state/delete.go:618.16,620.3 1 0
github.com/signalridge/slipway/internal/state/delete.go:621.2,622.16 2 0
github.com/signalridge/slipway/internal/state/delete.go:622.16,624.3 1 0
github.com/signalridge/slipway/internal/state/delete.go:625.2,625.17 1 0
github.com/signalridge/slipway/internal/state/delete.go:630.79,631.36 1 0
github.com/signalridge/slipway/internal/state/delete.go:631.36,632.77 1 0
github.com/signalridge/slipway/internal/state/delete.go:632.77,634.4 1 0
github.com/signalridge/slipway/internal/state/evidence_digests.go:28.59,30.2 1 1
github.com/signalridge/slipway/internal/state/evidence_digests.go:32.89,34.16 2 1
github.com/signalridge/slipway/internal/state/evidence_digests.go:34.16,36.3 1 0
github.com/signalridge/slipway/internal/state/evidence_digests.go:37.2,37.57 1 1
github.com/signalridge/slipway/internal/state/evidence_digests.go:40.100,43.16 3 1
github.com/signalridge/slipway/internal/state/evidence_digests.go:43.16,45.3 1 0
github.com/signalridge/slipway/internal/state/evidence_digests.go:46.2,47.16 2 1
github.com/signalridge/slipway/internal/state/evidence_digests.go:47.16,49.3 1 1
github.com/signalridge/slipway/internal/state/evidence_digests.go:50.2,50.21 1 0
github.com/signalridge/slipway/internal/state/evidence_digests.go:53.109,55.16 2 1
github.com/signalridge/slipway/internal/state/evidence_digests.go:55.16,56.37 1 1
github.com/signalridge/slipway/internal/state/evidence_digests.go:56.37,58.4 1 0
github.com/signalridge/slipway/internal/state/evidence_digests.go:66.3,66.47 1 1
github.com/signalridge/slipway/internal/state/evidence_digests.go:66.47,68.4 1 1
github.com/signalridge/slipway/internal/state/evidence_digests.go:69.3,69.18 1 0
github.com/signalridge/slipway/internal/state/evidence_digests.go:71.2,71.22 1 0
github.com/signalridge/slipway/internal/state/evidence_digests.go:74.82,76.43 2 1
github.com/signalridge/slipway/internal/state/evidence_digests.go:76.43,78.3 1 0
github.com/signalridge/slipway/internal/state/evidence_digests.go:79.2,80.16 2 1
github.com/signalridge/slipway/internal/state/evidence_digests.go:80.16,82.3 1 0
github.com/signalridge/slipway/internal/state/evidence_digests.go:83.2,84.63 2 1
github.com/signalridge/slipway/internal/state/evidence_digests.go:84.63,86.3 1 0
github.com/signalridge/slipway/internal/state/evidence_digests.go:87.2,88.16 2 1
github.com/signalridge/slipway/internal/state/evidence_digests.go:88.16,90.3 1 0
github.com/signalridge/slipway/internal/state/evidence_digests.go:91.2,91.49 1 1
github.com/signalridge/slipway/internal/state/evidence_digests.go:94.78,96.16 2 1
github.com/signalridge/slipway/internal/state/evidence_digests.go:96.16,98.3 1 0
github.com/signalridge/slipway/internal/state/evidence_digests.go:99.2,102.49 4 1
github.com/signalridge/slipway/internal/state/evidence_digests.go:102.49,104.3 1 1
github.com/signalridge/slipway/internal/state/evidence_digests.go:105.2,106.43 2 1
github.com/signalridge/slipway/internal/state/evidence_digests.go:106.43,108.3 1 0
github.com/signalridge/slipway/internal/state/evidence_digests.go:109.2,109.21 1 1
github.com/signalridge/slipway/internal/state/execution_repair.go:30.71,32.2 1 1
github.com/signalridge/slipway/internal/state/execution_repair.go:34.88,36.16 2 1
github.com/signalridge/slipway/internal/state/execution_repair.go:36.16,38.3 1 0
github.com/signalridge/slipway/internal/state/execution_repair.go:40.2,41.36 2 1
github.com/signalridge/slipway/internal/state/execution_repair.go:41.36,42.48 1 1
github.com/signalridge/slipway/internal/state/execution_repair.go:42.48,43.12 1 0
github.com/signalridge/slipway/internal/state/execution_repair.go:46.3,48.54 3 1
github.com/signalridge/slipway/internal/state/execution_repair.go:48.54,57.25 3 1
github.com/signalridge/slipway/internal/state/execution_repair.go:57.25,59.5 1 0
github.com/signalridge/slipway/internal/state/execution_repair.go:61.4,62.18 2 1
github.com/signalridge/slipway/internal/state/execution_repair.go:62.18,64.5 1 0
github.com/signalridge/slipway/internal/state/execution_repair.go:64.10,64.38 1 1
github.com/signalridge/slipway/internal/state/execution_repair.go:64.38,66.5 1 0
github.com/signalridge/slipway/internal/state/execution_repair.go:67.4,69.25 2 1
github.com/signalridge/slipway/internal/state/execution_repair.go:69.25,71.5 1 0
github.com/signalridge/slipway/internal/state/execution_repair.go:71.10,71.111 1 1
github.com/signalridge/slipway/internal/state/execution_repair.go:71.111,73.27 2 1
github.com/signalridge/slipway/internal/state/execution_repair.go:73.27,75.6 1 0
github.com/signalridge/slipway/internal/state/execution_repair.go:75.11,75.25 1 1
github.com/signalridge/slipway/internal/state/execution_repair.go:75.25,77.6 1 1
github.com/signalridge/slipway/internal/state/execution_repair.go:79.5,80.24 2 1
github.com/signalridge/slipway/internal/state/execution_repair.go:80.24,82.6 1 0
github.com/signalridge/slipway/internal/state/execution_repair.go:83.5,83.46 1 1
github.com/signalridge/slipway/internal/state/execution_repair.go:83.46,85.6 1 0
github.com/signalridge/slipway/internal/state/execution_repair.go:86.5,86.24 1 1
github.com/signalridge/slipway/internal/state/execution_repair.go:86.24,88.6 1 0
github.com/signalridge/slipway/internal/state/execution_repair.go:94.2,102.20 9 1
github.com/signalridge/slipway/internal/state/execution_repair.go:105.65,106.15 1 1
github.com/signalridge/slipway/internal/state/execution_repair.go:107.51,108.14 1 1
github.com/signalridge/slipway/internal/state/execution_repair.go:109.10,110.15 1 0
github.com/signalridge/slipway/internal/state/execution_repair.go:114.148,116.31 2 1
github.com/signalridge/slipway/internal/state/execution_repair.go:116.31,118.17 2 1
github.com/signalridge/slipway/internal/state/execution_repair.go:118.17,120.4 1 0
github.com/signalridge/slipway/internal/state/execution_repair.go:121.3,121.18 1 1
github.com/signalridge/slipway/internal/state/execution_repair.go:121.18,123.29 2 0
github.com/signalridge/slipway/internal/state/execution_repair.go:123.29,125.5 1 0
github.com/signalridge/slipway/internal/state/execution_repair.go:126.4,130.10 1 0
github.com/signalridge/slipway/internal/state/execution_repair.go:132.3,132.48 1 1
github.com/signalridge/slipway/internal/state/execution_repair.go:134.2,136.16 3 0
github.com/signalridge/slipway/internal/state/execution_repair.go:136.16,138.3 1 0
github.com/signalridge/slipway/internal/state/execution_repair.go:139.2,140.27 2 0
github.com/signalridge/slipway/internal/state/execution_repair.go:140.27,141.17 1 0
github.com/signalridge/slipway/internal/state/execution_repair.go:141.17,143.4 1 0
github.com/signalridge/slipway/internal/state/execution_repair.go:144.3,144.116 1 0
github.com/signalridge/slipway/internal/state/execution_repair.go:146.2,150.8 1 0
github.com/signalridge/slipway/internal/state/execution_repair.go:159.27,160.17 1 0
github.com/signalridge/slipway/internal/state/execution_repair.go:160.17,162.3 1 0
github.com/signalridge/slipway/internal/state/execution_repair.go:164.2,165.70 2 0
github.com/signalridge/slipway/internal/state/execution_repair.go:165.70,167.3 1 0
github.com/signalridge/slipway/internal/state/execution_repair.go:168.2,168.26 1 0
github.com/signalridge/slipway/internal/state/execution_repair.go:168.26,169.69 1 0
github.com/signalridge/slipway/internal/state/execution_repair.go:169.69,171.4 1 0
github.com/signalridge/slipway/internal/state/execution_repair.go:171.9,171.40 1 0
github.com/signalridge/slipway/internal/state/execution_repair.go:171.40,173.4 1 0
github.com/signalridge/slipway/internal/state/execution_repair.go:173.9,175.4 1 0
github.com/signalridge/slipway/internal/state/execution_repair.go:177.2,177.99 1 0
github.com/signalridge/slipway/internal/state/execution_repair.go:180.34,182.2 1 1
github.com/signalridge/slipway/internal/state/execution_repair.go:184.134,186.16 2 1
github.com/signalridge/slipway/internal/state/execution_repair.go:186.16,188.3 1 0
github.com/signalridge/slipway/internal/state/execution_repair.go:189.2,190.16 2 1
github.com/signalridge/slipway/internal/state/execution_repair.go:190.16,192.3 1 0
github.com/signalridge/slipway/internal/state/execution_repair.go:193.2,195.30 3 1
github.com/signalridge/slipway/internal/state/execution_repair.go:195.30,197.3 1 0
github.com/signalridge/slipway/internal/state/execution_repair.go:198.2,198.30 1 1
github.com/signalridge/slipway/internal/state/execution_repair.go:198.30,200.3 1 0
github.com/signalridge/slipway/internal/state/execution_repair.go:201.2,201.108 1 1
github.com/signalridge/slipway/internal/state/execution_repair.go:201.108,203.3 1 1
github.com/signalridge/slipway/internal/state/execution_repair.go:207.2,208.65 2 1
github.com/signalridge/slipway/internal/state/execution_repair.go:208.65,210.3 1 1
github.com/signalridge/slipway/internal/state/execution_repair.go:211.2,211.26 1 1
github.com/signalridge/slipway/internal/state/execution_repair.go:214.119,215.37 1 0
github.com/signalridge/slipway/internal/state/execution_repair.go:215.37,217.3 1 0
github.com/signalridge/slipway/internal/state/execution_repair.go:219.2,220.16 2 0
github.com/signalridge/slipway/internal/state/execution_repair.go:220.16,222.3 1 0
github.com/signalridge/slipway/internal/state/execution_repair.go:223.2,224.16 2 0
github.com/signalridge/slipway/internal/state/execution_repair.go:224.16,226.3 1 0
github.com/signalridge/slipway/internal/state/execution_repair.go:228.2,229.29 2 0
github.com/signalridge/slipway/internal/state/execution_repair.go:229.29,231.3 1 0
github.com/signalridge/slipway/internal/state/execution_repair.go:233.2,234.37 2 0
github.com/signalridge/slipway/internal/state/execution_repair.go:234.37,235.47 1 0
github.com/signalridge/slipway/internal/state/execution_repair.go:235.47,236.12 1 0
github.com/signalridge/slipway/internal/state/execution_repair.go:238.3,238.51 1 0
github.com/signalridge/slipway/internal/state/execution_repair.go:240.2,241.27 2 0
github.com/signalridge/slipway/internal/state/execution_repair.go:241.27,243.3 1 0
github.com/signalridge/slipway/internal/state/execution_repair.go:245.2,246.74 2 0
github.com/signalridge/slipway/internal/state/execution_repair.go:246.74,248.3 1 0
github.com/signalridge/slipway/internal/state/execution_repair.go:250.2,250.16 1 0
github.com/signalridge/slipway/internal/state/execution_repair.go:253.119,257.16 4 1
github.com/signalridge/slipway/internal/state/execution_repair.go:257.16,259.3 1 0
github.com/signalridge/slipway/internal/state/execution_repair.go:260.2,262.16 3 1
github.com/signalridge/slipway/internal/state/execution_repair.go:262.16,264.3 1 0
github.com/signalridge/slipway/internal/state/execution_repair.go:265.2,265.60 1 1
github.com/signalridge/slipway/internal/state/execution_repair.go:265.60,267.3 1 0
github.com/signalridge/slipway/internal/state/execution_repair.go:268.2,268.87 1 1
github.com/signalridge/slipway/internal/state/execution_repair.go:268.87,270.3 1 0
github.com/signalridge/slipway/internal/state/execution_repair.go:271.2,271.18 1 1
github.com/signalridge/slipway/internal/state/execution_repair.go:277.43,279.16 2 1
github.com/signalridge/slipway/internal/state/execution_repair.go:279.16,280.37 1 0
github.com/signalridge/slipway/internal/state/execution_repair.go:280.37,282.4 1 0
github.com/signalridge/slipway/internal/state/execution_repair.go:283.3,283.93 1 0
github.com/signalridge/slipway/internal/state/execution_repair.go:285.2,285.75 1 1
github.com/signalridge/slipway/internal/state/execution_repair.go:285.75,287.3 1 0
github.com/signalridge/slipway/internal/state/execution_repair.go:288.2,289.16 2 1
github.com/signalridge/slipway/internal/state/execution_repair.go:289.16,291.3 1 0
github.com/signalridge/slipway/internal/state/execution_repair.go:292.2,292.27 1 1
github.com/signalridge/slipway/internal/state/execution_repair.go:295.59,296.29 1 1
github.com/signalridge/slipway/internal/state/execution_repair.go:296.29,298.3 1 1
github.com/signalridge/slipway/internal/state/execution_repair.go:299.2,301.57 3 1
github.com/signalridge/slipway/internal/state/execution_repair.go:301.57,301.93 1 0
github.com/signalridge/slipway/internal/state/execution_repair.go:302.2,302.58 1 1
github.com/signalridge/slipway/internal/state/execution_repair.go:302.58,302.94 1 0
github.com/signalridge/slipway/internal/state/execution_repair.go:303.2,303.26 1 1
github.com/signalridge/slipway/internal/state/execution_repair.go:303.26,312.63 3 1
github.com/signalridge/slipway/internal/state/execution_repair.go:312.63,314.4 1 1
github.com/signalridge/slipway/internal/state/execution_repair.go:316.2,316.13 1 1
github.com/signalridge/slipway/internal/state/execution_repair.go:324.60,325.18 1 1
github.com/signalridge/slipway/internal/state/execution_repair.go:325.18,327.3 1 0
github.com/signalridge/slipway/internal/state/execution_repair.go:328.2,328.64 1 1
github.com/signalridge/slipway/internal/state/execution_repair.go:331.132,334.16 3 1
github.com/signalridge/slipway/internal/state/execution_repair.go:334.16,335.37 1 1
github.com/signalridge/slipway/internal/state/execution_repair.go:335.37,337.4 1 1
github.com/signalridge/slipway/internal/state/execution_repair.go:338.3,338.23 1 0
github.com/signalridge/slipway/internal/state/execution_repair.go:341.2,343.32 3 1
github.com/signalridge/slipway/internal/state/execution_repair.go:343.32,344.61 1 1
github.com/signalridge/slipway/internal/state/execution_repair.go:344.61,345.12 1 0
github.com/signalridge/slipway/internal/state/execution_repair.go:347.3,349.17 3 1
github.com/signalridge/slipway/internal/state/execution_repair.go:349.17,351.12 2 0
github.com/signalridge/slipway/internal/state/execution_repair.go:353.3,354.17 2 1
github.com/signalridge/slipway/internal/state/execution_repair.go:354.17,356.12 2 1
github.com/signalridge/slipway/internal/state/execution_repair.go:358.3,358.39 1 1
github.com/signalridge/slipway/internal/state/execution_repair.go:358.39,359.12 1 1
github.com/signalridge/slipway/internal/state/execution_repair.go:361.3,362.35 2 1
github.com/signalridge/slipway/internal/state/execution_repair.go:362.35,363.12 1 1
github.com/signalridge/slipway/internal/state/execution_repair.go:365.3,365.36 1 1
github.com/signalridge/slipway/internal/state/execution_repair.go:367.2,368.63 2 1
github.com/signalridge/slipway/internal/state/execution_repair.go:368.63,370.3 1 0
github.com/signalridge/slipway/internal/state/execution_repair.go:371.2,371.30 1 1
github.com/signalridge/slipway/internal/state/execution_repair.go:374.58,378.54 2 1
github.com/signalridge/slipway/internal/state/execution_repair.go:378.54,380.3 1 1
github.com/signalridge/slipway/internal/state/execution_repair.go:381.2,381.35 1 1
github.com/signalridge/slipway/internal/state/execution_repair.go:381.35,383.3 1 0
github.com/signalridge/slipway/internal/state/execution_repair.go:384.2,384.39 1 1
github.com/signalridge/slipway/internal/state/execution_repair.go:387.137,389.16 2 1
github.com/signalridge/slipway/internal/state/execution_repair.go:389.16,391.3 1 0
github.com/signalridge/slipway/internal/state/execution_repair.go:392.2,393.29 2 1
github.com/signalridge/slipway/internal/state/execution_repair.go:393.29,394.41 1 0
github.com/signalridge/slipway/internal/state/execution_repair.go:394.41,396.4 1 0
github.com/signalridge/slipway/internal/state/execution_repair.go:397.3,397.86 1 0
github.com/signalridge/slipway/internal/state/execution_repair.go:399.2,399.28 1 1
github.com/signalridge/slipway/internal/state/execution_summary.go:36.52,37.30 1 1
github.com/signalridge/slipway/internal/state/execution_summary.go:37.30,39.3 1 0
github.com/signalridge/slipway/internal/state/execution_summary.go:40.2,40.22 1 1
github.com/signalridge/slipway/internal/state/execution_summary.go:43.52,44.14 1 1
github.com/signalridge/slipway/internal/state/execution_summary.go:44.14,46.3 1 0
github.com/signalridge/slipway/internal/state/execution_summary.go:47.2,47.14 1 1
github.com/signalridge/slipway/internal/state/execution_summary.go:50.66,51.16 1 1
github.com/signalridge/slipway/internal/state/execution_summary.go:51.16,53.3 1 0
github.com/signalridge/slipway/internal/state/execution_summary.go:54.2,55.30 2 1
github.com/signalridge/slipway/internal/state/execution_summary.go:55.30,57.3 1 0
github.com/signalridge/slipway/internal/state/execution_summary.go:58.2,61.3 1 1
github.com/signalridge/slipway/internal/state/execution_summary.go:64.66,71.2 1 1
github.com/signalridge/slipway/internal/state/execution_summary.go:73.68,74.15 1 1
github.com/signalridge/slipway/internal/state/execution_summary.go:75.68,76.14 1 1
github.com/signalridge/slipway/internal/state/execution_summary.go:77.10,78.15 1 1
github.com/signalridge/slipway/internal/state/execution_summary.go:85.60,87.2 1 1
github.com/signalridge/slipway/internal/state/execution_summary.go:89.66,91.16 2 1
github.com/signalridge/slipway/internal/state/execution_summary.go:91.16,93.3 1 1
github.com/signalridge/slipway/internal/state/execution_summary.go:94.2,94.58 1 1
github.com/signalridge/slipway/internal/state/execution_summary.go:97.90,99.16 2 1
github.com/signalridge/slipway/internal/state/execution_summary.go:99.16,101.3 1 0
github.com/signalridge/slipway/internal/state/execution_summary.go:102.2,102.58 1 1
github.com/signalridge/slipway/internal/state/execution_summary.go:105.78,108.16 3 1
github.com/signalridge/slipway/internal/state/execution_summary.go:108.16,110.3 1 1
github.com/signalridge/slipway/internal/state/execution_summary.go:111.2,112.16 2 1
github.com/signalridge/slipway/internal/state/execution_summary.go:112.16,114.3 1 1
github.com/signalridge/slipway/internal/state/execution_summary.go:115.2,115.21 1 1
github.com/signalridge/slipway/internal/state/execution_summary.go:118.102,121.16 3 1
github.com/signalridge/slipway/internal/state/execution_summary.go:121.16,123.3 1 0
github.com/signalridge/slipway/internal/state/execution_summary.go:124.2,125.16 2 1
github.com/signalridge/slipway/internal/state/execution_summary.go:125.16,127.3 1 1
github.com/signalridge/slipway/internal/state/execution_summary.go:128.2,128.21 1 1
github.com/signalridge/slipway/internal/state/execution_summary.go:131.80,133.16 2 1
github.com/signalridge/slipway/internal/state/execution_summary.go:133.16,135.3 1 1
github.com/signalridge/slipway/internal/state/execution_summary.go:136.2,137.68 2 1
github.com/signalridge/slipway/internal/state/execution_summary.go:137.68,139.3 1 1
github.com/signalridge/slipway/internal/state/execution_summary.go:140.2,141.43 2 1
github.com/signalridge/slipway/internal/state/execution_summary.go:141.43,143.3 1 0
github.com/signalridge/slipway/internal/state/execution_summary.go:144.2,144.21 1 1
github.com/signalridge/slipway/internal/state/execution_summary.go:147.87,149.16 2 0
github.com/signalridge/slipway/internal/state/execution_summary.go:149.16,150.37 1 0
github.com/signalridge/slipway/internal/state/execution_summary.go:150.37,152.4 1 0
github.com/signalridge/slipway/internal/state/execution_summary.go:153.3,153.18 1 0
github.com/signalridge/slipway/internal/state/execution_summary.go:155.2,155.22 1 0
github.com/signalridge/slipway/internal/state/execution_summary.go:158.111,160.16 2 1
github.com/signalridge/slipway/internal/state/execution_summary.go:160.16,161.37 1 1
github.com/signalridge/slipway/internal/state/execution_summary.go:161.37,163.4 1 1
github.com/signalridge/slipway/internal/state/execution_summary.go:164.3,164.18 1 1
github.com/signalridge/slipway/internal/state/execution_summary.go:166.2,166.22 1 1
github.com/signalridge/slipway/internal/state/execution_summary.go:169.110,170.57 1 1
github.com/signalridge/slipway/internal/state/execution_summary.go:170.57,172.3 1 1
github.com/signalridge/slipway/internal/state/execution_summary.go:173.2,173.60 1 1
github.com/signalridge/slipway/internal/state/execution_summary.go:183.117,185.16 2 1
github.com/signalridge/slipway/internal/state/execution_summary.go:185.16,187.3 1 1
github.com/signalridge/slipway/internal/state/execution_summary.go:188.2,193.36 3 1
github.com/signalridge/slipway/internal/state/execution_summary.go:193.36,195.3 1 1
github.com/signalridge/slipway/internal/state/execution_summary.go:196.2,196.17 1 1
github.com/signalridge/slipway/internal/state/execution_summary.go:238.84,240.55 2 1
github.com/signalridge/slipway/internal/state/execution_summary.go:240.55,242.3 1 1
github.com/signalridge/slipway/internal/state/execution_summary.go:243.2,244.43 2 1
github.com/signalridge/slipway/internal/state/execution_summary.go:244.43,246.3 1 0
github.com/signalridge/slipway/internal/state/execution_summary.go:247.2,248.16 2 1
github.com/signalridge/slipway/internal/state/execution_summary.go:248.16,250.3 1 1
github.com/signalridge/slipway/internal/state/execution_summary.go:251.2,252.63 2 1
github.com/signalridge/slipway/internal/state/execution_summary.go:252.63,254.3 1 0
github.com/signalridge/slipway/internal/state/execution_summary.go:255.2,256.16 2 1
github.com/signalridge/slipway/internal/state/execution_summary.go:256.16,258.3 1 0
github.com/signalridge/slipway/internal/state/execution_summary.go:259.2,259.49 1 1
github.com/signalridge/slipway/internal/state/execution_summary.go:265.87,267.16 2 0
github.com/signalridge/slipway/internal/state/execution_summary.go:267.16,269.3 1 0
github.com/signalridge/slipway/internal/state/execution_summary.go:270.2,270.34 1 0
github.com/signalridge/slipway/internal/state/execution_summary.go:273.86,277.2 3 1
github.com/signalridge/slipway/internal/state/execution_summary.go:279.157,280.132 1 1
github.com/signalridge/slipway/internal/state/execution_summary.go:280.132,282.3 1 1
github.com/signalridge/slipway/internal/state/execution_summary.go:284.2,286.66 3 1
github.com/signalridge/slipway/internal/state/execution_summary.go:286.66,287.80 1 1
github.com/signalridge/slipway/internal/state/execution_summary.go:287.80,289.4 1 1
github.com/signalridge/slipway/internal/state/execution_summary.go:290.3,291.47 2 1
github.com/signalridge/slipway/internal/state/execution_summary.go:291.47,292.56 1 1
github.com/signalridge/slipway/internal/state/execution_summary.go:292.56,294.10 2 1
github.com/signalridge/slipway/internal/state/execution_summary.go:297.3,297.23 1 1
github.com/signalridge/slipway/internal/state/execution_summary.go:297.23,299.4 1 1
github.com/signalridge/slipway/internal/state/execution_summary.go:299.9,301.4 1 1
github.com/signalridge/slipway/internal/state/execution_summary.go:303.2,303.42 1 1
github.com/signalridge/slipway/internal/state/execution_summary.go:311.29,313.18 2 1
github.com/signalridge/slipway/internal/state/execution_summary.go:313.18,315.3 1 0
github.com/signalridge/slipway/internal/state/execution_summary.go:316.2,316.73 1 1
github.com/signalridge/slipway/internal/state/execution_summary.go:316.73,318.3 1 1
github.com/signalridge/slipway/internal/state/execution_summary.go:319.2,319.15 1 0
github.com/signalridge/slipway/internal/state/execution_summary.go:327.33,328.74 1 1
github.com/signalridge/slipway/internal/state/execution_summary.go:328.74,330.3 1 0
github.com/signalridge/slipway/internal/state/execution_summary.go:331.2,334.3 1 1
github.com/signalridge/slipway/internal/state/execution_summary.go:342.8,344.2 1 1
github.com/signalridge/slipway/internal/state/execution_summary.go:348.92,349.85 1 1
github.com/signalridge/slipway/internal/state/execution_summary.go:349.85,351.3 1 0
github.com/signalridge/slipway/internal/state/execution_summary.go:352.2,352.77 1 1
github.com/signalridge/slipway/internal/state/execution_summary.go:352.77,354.3 1 1
github.com/signalridge/slipway/internal/state/execution_summary.go:355.2,355.46 1 1
github.com/signalridge/slipway/internal/state/execution_summary.go:355.46,356.74 1 1
github.com/signalridge/slipway/internal/state/execution_summary.go:356.74,358.4 1 0
github.com/signalridge/slipway/internal/state/execution_summary.go:360.2,360.13 1 1
github.com/signalridge/slipway/internal/state/execution_summary.go:363.162,365.28 2 1
github.com/signalridge/slipway/internal/state/execution_summary.go:365.28,367.3 1 1
github.com/signalridge/slipway/internal/state/execution_summary.go:368.2,374.16 1 1
github.com/signalridge/slipway/internal/state/execution_summary.go:377.97,378.55 1 1
github.com/signalridge/slipway/internal/state/execution_summary.go:378.55,380.3 1 1
github.com/signalridge/slipway/internal/state/execution_summary.go:381.2,381.31 1 1
github.com/signalridge/slipway/internal/state/execution_summary.go:381.31,383.3 1 1
github.com/signalridge/slipway/internal/state/execution_summary.go:391.89,394.55 3 1
github.com/signalridge/slipway/internal/state/execution_summary.go:394.55,396.3 1 1
github.com/signalridge/slipway/internal/state/execution_summary.go:397.2,398.22 2 1
github.com/signalridge/slipway/internal/state/execution_summary.go:398.22,400.3 1 1
github.com/signalridge/slipway/internal/state/execution_summary.go:401.2,401.66 1 1
github.com/signalridge/slipway/internal/state/execution_summary.go:404.80,406.78 2 1
github.com/signalridge/slipway/internal/state/execution_summary.go:406.78,408.3 1 1
github.com/signalridge/slipway/internal/state/execution_summary.go:409.2,409.25 1 1
github.com/signalridge/slipway/internal/state/execution_summary.go:412.140,417.77 2 1
github.com/signalridge/slipway/internal/state/execution_summary.go:417.77,419.3 1 1
github.com/signalridge/slipway/internal/state/execution_summary.go:421.2,428.41 7 1
github.com/signalridge/slipway/internal/state/execution_summary.go:428.41,435.3 1 1
github.com/signalridge/slipway/internal/state/execution_summary.go:437.2,440.37 4 1
github.com/signalridge/slipway/internal/state/execution_summary.go:440.37,442.38 2 1
github.com/signalridge/slipway/internal/state/execution_summary.go:442.38,444.4 1 1
github.com/signalridge/slipway/internal/state/execution_summary.go:445.3,446.35 2 1
github.com/signalridge/slipway/internal/state/execution_summary.go:446.35,448.4 1 0
github.com/signalridge/slipway/internal/state/execution_summary.go:449.3,449.21 1 1
github.com/signalridge/slipway/internal/state/execution_summary.go:452.2,452.49 1 1
github.com/signalridge/slipway/internal/state/execution_summary.go:452.49,461.3 3 0
github.com/signalridge/slipway/internal/state/execution_summary.go:462.2,462.20 1 1
github.com/signalridge/slipway/internal/state/execution_summary.go:465.121,467.16 2 1
github.com/signalridge/slipway/internal/state/execution_summary.go:467.16,469.3 1 0
github.com/signalridge/slipway/internal/state/execution_summary.go:470.2,476.64 3 1
github.com/signalridge/slipway/internal/state/execution_summary.go:476.64,481.3 4 1
github.com/signalridge/slipway/internal/state/execution_summary.go:482.2,482.12 1 1
github.com/signalridge/slipway/internal/state/execution_summary.go:485.53,486.56 1 1
github.com/signalridge/slipway/internal/state/execution_summary.go:486.56,488.3 1 1
github.com/signalridge/slipway/internal/state/execution_summary.go:489.2,489.47 1 0
github.com/signalridge/slipway/internal/state/execution_summary.go:492.128,493.37 1 1
github.com/signalridge/slipway/internal/state/execution_summary.go:493.37,495.3 1 0
github.com/signalridge/slipway/internal/state/execution_summary.go:496.2,497.37 2 1
github.com/signalridge/slipway/internal/state/execution_summary.go:497.37,501.25 4 1
github.com/signalridge/slipway/internal/state/execution_summary.go:501.25,503.4 1 0
github.com/signalridge/slipway/internal/state/execution_summary.go:504.3,504.36 1 1
github.com/signalridge/slipway/internal/state/execution_summary.go:504.36,506.4 1 1
github.com/signalridge/slipway/internal/state/execution_summary.go:507.3,508.32 2 1
github.com/signalridge/slipway/internal/state/execution_summary.go:508.32,509.41 1 1
github.com/signalridge/slipway/internal/state/execution_summary.go:509.41,510.13 1 1
github.com/signalridge/slipway/internal/state/execution_summary.go:512.4,513.77 2 1
github.com/signalridge/slipway/internal/state/execution_summary.go:513.77,515.5 1 1
github.com/signalridge/slipway/internal/state/execution_summary.go:516.4,523.6 1 1
github.com/signalridge/slipway/internal/state/execution_summary.go:525.3,525.123 1 1
github.com/signalridge/slipway/internal/state/execution_summary.go:525.123,534.4 1 0
github.com/signalridge/slipway/internal/state/execution_summary.go:534.9,534.66 1 1
github.com/signalridge/slipway/internal/state/execution_summary.go:534.66,543.4 1 1
github.com/signalridge/slipway/internal/state/execution_summary.go:545.2,545.14 1 1
github.com/signalridge/slipway/internal/state/execution_summary.go:548.111,551.16 3 1
github.com/signalridge/slipway/internal/state/execution_summary.go:551.16,552.37 1 1
github.com/signalridge/slipway/internal/state/execution_summary.go:552.37,554.4 1 1
github.com/signalridge/slipway/internal/state/execution_summary.go:555.3,555.32 1 0
github.com/signalridge/slipway/internal/state/execution_summary.go:557.2,561.54 2 1
github.com/signalridge/slipway/internal/state/execution_summary.go:561.54,563.3 1 0
github.com/signalridge/slipway/internal/state/execution_summary.go:564.2,564.52 1 1
github.com/signalridge/slipway/internal/state/execution_summary.go:564.52,569.3 1 1
github.com/signalridge/slipway/internal/state/execution_summary.go:570.2,570.49 1 1
github.com/signalridge/slipway/internal/state/execution_summary.go:570.49,572.3 1 0
github.com/signalridge/slipway/internal/state/execution_summary.go:573.2,574.16 2 1
github.com/signalridge/slipway/internal/state/execution_summary.go:574.16,576.3 1 0
github.com/signalridge/slipway/internal/state/execution_summary.go:577.2,577.36 1 1
github.com/signalridge/slipway/internal/state/execution_summary.go:580.94,581.128 1 1
github.com/signalridge/slipway/internal/state/execution_summary.go:581.128,583.3 1 0
github.com/signalridge/slipway/internal/state/execution_summary.go:584.2,584.106 1 1
github.com/signalridge/slipway/internal/state/execution_summary.go:587.142,588.37 1 1
github.com/signalridge/slipway/internal/state/execution_summary.go:588.37,590.3 1 0
github.com/signalridge/slipway/internal/state/execution_summary.go:591.2,592.16 2 1
github.com/signalridge/slipway/internal/state/execution_summary.go:592.16,594.3 1 0
github.com/signalridge/slipway/internal/state/execution_summary.go:596.2,599.83 4 1
github.com/signalridge/slipway/internal/state/execution_summary.go:599.83,600.112 1 1
github.com/signalridge/slipway/internal/state/execution_summary.go:600.112,606.4 2 1
github.com/signalridge/slipway/internal/state/execution_summary.go:607.8,607.59 1 1
github.com/signalridge/slipway/internal/state/execution_summary.go:607.59,613.3 2 1
github.com/signalridge/slipway/internal/state/execution_summary.go:614.2,614.21 1 1
github.com/signalridge/slipway/internal/state/execution_summary.go:614.21,617.115 3 1
github.com/signalridge/slipway/internal/state/execution_summary.go:617.115,622.4 1 1
github.com/signalridge/slipway/internal/state/execution_summary.go:622.9,622.83 1 1
github.com/signalridge/slipway/internal/state/execution_summary.go:622.83,627.4 1 0
github.com/signalridge/slipway/internal/state/execution_summary.go:630.2,630.62 1 1
github.com/signalridge/slipway/internal/state/execution_summary.go:630.62,631.38 1 0
github.com/signalridge/slipway/internal/state/execution_summary.go:631.38,632.39 1 0
github.com/signalridge/slipway/internal/state/execution_summary.go:632.39,634.5 1 0
github.com/signalridge/slipway/internal/state/execution_summary.go:635.4,635.12 1 0
github.com/signalridge/slipway/internal/state/execution_summary.go:637.3,637.41 1 0
github.com/signalridge/slipway/internal/state/execution_summary.go:640.2,641.33 2 1
github.com/signalridge/slipway/internal/state/execution_summary.go:641.33,643.3 1 1
github.com/signalridge/slipway/internal/state/execution_summary.go:644.2,644.14 1 1
github.com/signalridge/slipway/internal/state/execution_summary.go:647.87,649.16 2 1
github.com/signalridge/slipway/internal/state/execution_summary.go:649.16,650.37 1 1
github.com/signalridge/slipway/internal/state/execution_summary.go:650.37,652.4 1 1
github.com/signalridge/slipway/internal/state/execution_summary.go:653.3,653.24 1 0
github.com/signalridge/slipway/internal/state/execution_summary.go:655.2,656.30 2 1
github.com/signalridge/slipway/internal/state/execution_summary.go:665.174,669.4 2 1
github.com/signalridge/slipway/internal/state/execution_summary.go:669.4,671.42 2 1
github.com/signalridge/slipway/internal/state/execution_summary.go:671.42,673.4 1 1
github.com/signalridge/slipway/internal/state/execution_summary.go:676.2,678.26 3 1
github.com/signalridge/slipway/internal/state/execution_summary.go:678.26,687.3 1 1
github.com/signalridge/slipway/internal/state/execution_summary.go:689.2,690.39 2 1
github.com/signalridge/slipway/internal/state/execution_summary.go:690.39,702.3 4 1
github.com/signalridge/slipway/internal/state/execution_summary.go:703.2,711.14 2 1
github.com/signalridge/slipway/internal/state/execution_summary.go:714.53,715.29 1 1
github.com/signalridge/slipway/internal/state/execution_summary.go:716.25,717.66 1 0
github.com/signalridge/slipway/internal/state/execution_summary.go:718.24,719.117 1 1
github.com/signalridge/slipway/internal/state/execution_summary.go:720.10,721.93 1 0
github.com/signalridge/slipway/internal/state/execution_summary.go:737.53,739.16 2 1
github.com/signalridge/slipway/internal/state/execution_summary.go:739.16,741.3 1 0
github.com/signalridge/slipway/internal/state/execution_summary.go:742.2,745.53 2 1
github.com/signalridge/slipway/internal/state/execution_summary.go:745.53,747.3 1 0
github.com/signalridge/slipway/internal/state/execution_summary.go:748.2,748.29 1 1
github.com/signalridge/slipway/internal/state/execution_summary.go:749.25,750.32 1 0
github.com/signalridge/slipway/internal/state/execution_summary.go:751.10,752.21 1 1
github.com/signalridge/slipway/internal/state/execution_summary.go:756.87,757.21 1 1
github.com/signalridge/slipway/internal/state/execution_summary.go:757.21,759.3 1 1
github.com/signalridge/slipway/internal/state/execution_summary.go:760.2,761.29 2 1
github.com/signalridge/slipway/internal/state/execution_summary.go:761.29,763.32 2 1
github.com/signalridge/slipway/internal/state/execution_summary.go:763.32,764.41 1 1
github.com/signalridge/slipway/internal/state/execution_summary.go:764.41,766.10 2 0
github.com/signalridge/slipway/internal/state/execution_summary.go:769.3,769.16 1 1
github.com/signalridge/slipway/internal/state/execution_summary.go:769.16,770.12 1 0
github.com/signalridge/slipway/internal/state/execution_summary.go:772.3,772.26 1 1
github.com/signalridge/slipway/internal/state/execution_summary.go:774.2,774.12 1 1
github.com/signalridge/slipway/internal/state/execution_summary.go:777.58,783.2 1 1
github.com/signalridge/slipway/internal/state/execution_summary.go:785.46,786.16 1 1
github.com/signalridge/slipway/internal/state/execution_summary.go:786.16,788.3 1 1
github.com/signalridge/slipway/internal/state/execution_summary.go:789.2,789.41 1 1
github.com/signalridge/slipway/internal/state/execution_summary.go:795.36,796.37 1 1
github.com/signalridge/slipway/internal/state/execution_summary.go:796.37,798.3 1 0
github.com/signalridge/slipway/internal/state/execution_summary.go:800.2,801.37 2 1
github.com/signalridge/slipway/internal/state/execution_summary.go:801.37,807.3 2 1
github.com/signalridge/slipway/internal/state/execution_summary.go:808.2,808.15 1 1
github.com/signalridge/slipway/internal/state/handoff.go:60.104,61.56 1 1
github.com/signalridge/slipway/internal/state/handoff.go:61.56,63.3 1 1
github.com/signalridge/slipway/internal/state/handoff.go:64.2,65.18 2 1
github.com/signalridge/slipway/internal/state/handoff.go:65.18,67.3 1 0
github.com/signalridge/slipway/internal/state/handoff.go:67.8,69.3 1 1
github.com/signalridge/slipway/internal/state/handoff.go:71.2,74.108 4 1
github.com/signalridge/slipway/internal/state/handoff.go:74.108,76.3 1 1
github.com/signalridge/slipway/internal/state/handoff.go:78.2,79.16 2 1
github.com/signalridge/slipway/internal/state/handoff.go:79.16,81.3 1 0
github.com/signalridge/slipway/internal/state/handoff.go:82.2,87.88 2 1
github.com/signalridge/slipway/internal/state/handoff.go:87.88,89.3 1 0
github.com/signalridge/slipway/internal/state/handoff.go:90.2,90.17 1 1
github.com/signalridge/slipway/internal/state/handoff.go:93.77,94.56 1 1
github.com/signalridge/slipway/internal/state/handoff.go:94.56,96.3 1 1
github.com/signalridge/slipway/internal/state/handoff.go:97.2,99.16 3 1
github.com/signalridge/slipway/internal/state/handoff.go:99.16,101.3 1 0
github.com/signalridge/slipway/internal/state/handoff.go:102.2,105.17 4 1
github.com/signalridge/slipway/internal/state/handoff.go:108.60,110.16 2 1
github.com/signalridge/slipway/internal/state/handoff.go:110.16,112.3 1 1
github.com/signalridge/slipway/internal/state/handoff.go:113.2,113.40 1 1
github.com/signalridge/slipway/internal/state/handoff.go:116.62,120.31 4 1
github.com/signalridge/slipway/internal/state/handoff.go:120.31,123.72 3 1
github.com/signalridge/slipway/internal/state/handoff.go:123.72,125.4 1 0
github.com/signalridge/slipway/internal/state/handoff.go:126.3,127.18 2 1
github.com/signalridge/slipway/internal/state/handoff.go:129.2,130.17 2 0
github.com/signalridge/slipway/internal/state/handoff.go:133.48,147.2 13 1
github.com/signalridge/slipway/internal/state/handoff.go:149.47,150.46 1 1
github.com/signalridge/slipway/internal/state/handoff.go:150.46,152.3 1 0
github.com/signalridge/slipway/internal/state/handoff.go:153.2,162.3 1 1
github.com/signalridge/slipway/internal/state/handoff.go:165.85,166.24 1 1
github.com/signalridge/slipway/internal/state/handoff.go:166.24,168.3 1 0
github.com/signalridge/slipway/internal/state/handoff.go:169.2,170.36 2 1
github.com/signalridge/slipway/internal/state/handoff.go:170.36,172.3 1 1
github.com/signalridge/slipway/internal/state/handoff.go:173.2,174.35 2 1
github.com/signalridge/slipway/internal/state/handoff.go:174.35,175.37 1 0
github.com/signalridge/slipway/internal/state/handoff.go:175.37,177.4 1 0
github.com/signalridge/slipway/internal/state/handoff.go:179.2,179.35 1 1
github.com/signalridge/slipway/internal/state/handoff.go:179.35,181.3 1 1
github.com/signalridge/slipway/internal/state/handoff.go:182.2,182.16 1 0
github.com/signalridge/slipway/internal/state/handoff.go:185.134,187.16 2 1
github.com/signalridge/slipway/internal/state/handoff.go:187.16,189.3 1 0
github.com/signalridge/slipway/internal/state/handoff.go:190.2,190.21 1 1
github.com/signalridge/slipway/internal/state/handoff.go:190.21,192.3 1 0
github.com/signalridge/slipway/internal/state/handoff.go:193.2,193.72 1 1
github.com/signalridge/slipway/internal/state/handoff.go:193.72,195.3 1 1
github.com/signalridge/slipway/internal/state/handoff.go:196.2,197.93 2 1
github.com/signalridge/slipway/internal/state/handoff.go:197.93,199.3 1 1
github.com/signalridge/slipway/internal/state/handoff.go:200.2,208.8 1 1
github.com/signalridge/slipway/internal/state/handoff.go:211.42,212.76 1 1
github.com/signalridge/slipway/internal/state/handoff.go:212.76,213.62 1 1
github.com/signalridge/slipway/internal/state/handoff.go:213.62,215.4 1 1
github.com/signalridge/slipway/internal/state/handoff.go:217.2,217.77 1 0
github.com/signalridge/slipway/internal/state/handoff.go:217.77,219.3 1 0
github.com/signalridge/slipway/internal/state/handoff.go:220.2,220.18 1 0
github.com/signalridge/slipway/internal/state/handoff.go:223.56,227.46 4 1
github.com/signalridge/slipway/internal/state/handoff.go:227.46,229.36 2 1
github.com/signalridge/slipway/internal/state/handoff.go:229.36,231.4 1 1
github.com/signalridge/slipway/internal/state/handoff.go:232.3,236.20 5 1
github.com/signalridge/slipway/internal/state/handoff.go:238.2,238.38 1 1
github.com/signalridge/slipway/internal/state/handoff.go:241.44,245.2 3 1
github.com/signalridge/slipway/internal/state/handoff.go:247.56,250.20 3 1
github.com/signalridge/slipway/internal/state/handoff.go:250.20,252.3 1 1
github.com/signalridge/slipway/internal/state/handoff.go:253.2,253.36 1 1
github.com/signalridge/slipway/internal/state/handoff.go:256.62,258.21 2 1
github.com/signalridge/slipway/internal/state/handoff.go:258.21,260.3 1 0
github.com/signalridge/slipway/internal/state/handoff.go:261.2,265.15 5 1
github.com/signalridge/slipway/internal/state/handoff.go:265.15,267.3 1 0
github.com/signalridge/slipway/internal/state/handoff.go:268.2,270.64 3 1
github.com/signalridge/slipway/internal/state/handoff.go:270.64,272.3 1 1
github.com/signalridge/slipway/internal/state/handoff.go:273.2,273.119 1 1
github.com/signalridge/slipway/internal/state/handoff.go:276.53,278.48 2 1
github.com/signalridge/slipway/internal/state/handoff.go:278.48,279.52 1 1
github.com/signalridge/slipway/internal/state/handoff.go:279.52,281.4 1 1
github.com/signalridge/slipway/internal/state/handoff.go:283.2,283.11 1 0
github.com/signalridge/slipway/internal/state/handoff.go:286.50,288.2 1 1
github.com/signalridge/slipway/internal/state/handoff.go:290.51,291.77 1 1
github.com/signalridge/slipway/internal/state/handoff.go:291.77,293.50 2 1
github.com/signalridge/slipway/internal/state/handoff.go:293.50,295.56 2 1
github.com/signalridge/slipway/internal/state/handoff.go:295.56,297.5 1 1
github.com/signalridge/slipway/internal/state/handoff.go:300.2,300.57 1 0
github.com/signalridge/slipway/internal/state/handoff.go:303.45,305.22 2 1
github.com/signalridge/slipway/internal/state/handoff.go:305.22,307.3 1 1
github.com/signalridge/slipway/internal/state/handoff.go:308.2,308.46 1 0
github.com/signalridge/slipway/internal/state/handoff.go:311.54,312.101 1 0
github.com/signalridge/slipway/internal/state/handoff.go:312.101,314.3 1 0
github.com/signalridge/slipway/internal/state/handoff.go:315.2,315.31 1 0
github.com/signalridge/slipway/internal/state/handoff.go:318.35,322.2 3 1
github.com/signalridge/slipway/internal/state/health.go:35.86,38.28 3 1
github.com/signalridge/slipway/internal/state/health.go:38.28,40.3 1 0
github.com/signalridge/slipway/internal/state/health.go:42.2,43.44 2 1
github.com/signalridge/slipway/internal/state/health.go:43.44,44.54 1 1
github.com/signalridge/slipway/internal/state/health.go:44.54,53.4 1 1
github.com/signalridge/slipway/internal/state/health.go:54.8,54.58 1 1
github.com/signalridge/slipway/internal/state/health.go:54.58,56.3 1 0
github.com/signalridge/slipway/internal/state/health.go:58.2,59.16 2 1
github.com/signalridge/slipway/internal/state/health.go:59.16,61.3 1 1
github.com/signalridge/slipway/internal/state/health.go:62.2,62.35 1 1
github.com/signalridge/slipway/internal/state/health.go:62.35,76.70 2 1
github.com/signalridge/slipway/internal/state/health.go:76.70,79.4 2 0
github.com/signalridge/slipway/internal/state/health.go:79.9,79.41 1 1
github.com/signalridge/slipway/internal/state/health.go:79.41,82.4 2 0
github.com/signalridge/slipway/internal/state/health.go:83.3,83.39 1 1
github.com/signalridge/slipway/internal/state/health.go:86.2,87.16 2 1
github.com/signalridge/slipway/internal/state/health.go:87.16,89.3 1 0
github.com/signalridge/slipway/internal/state/health.go:90.2,90.31 1 1
github.com/signalridge/slipway/internal/state/health.go:90.31,100.3 1 1
github.com/signalridge/slipway/internal/state/health.go:101.2,102.16 2 1
github.com/signalridge/slipway/internal/state/health.go:102.16,104.3 1 0
github.com/signalridge/slipway/internal/state/health.go:105.2,107.16 3 1
github.com/signalridge/slipway/internal/state/health.go:107.16,109.3 1 0
github.com/signalridge/slipway/internal/state/health.go:110.2,113.61 3 1
github.com/signalridge/slipway/internal/state/health.go:113.61,115.17 2 1
github.com/signalridge/slipway/internal/state/health.go:115.17,117.4 1 0
github.com/signalridge/slipway/internal/state/health.go:118.3,118.56 1 1
github.com/signalridge/slipway/internal/state/health.go:118.56,120.4 1 0
github.com/signalridge/slipway/internal/state/health.go:121.3,123.21 3 1
github.com/signalridge/slipway/internal/state/health.go:123.21,125.4 1 1
github.com/signalridge/slipway/internal/state/health.go:126.3,127.17 2 1
github.com/signalridge/slipway/internal/state/health.go:127.17,129.4 1 0
github.com/signalridge/slipway/internal/state/health.go:130.3,131.13 2 1
github.com/signalridge/slipway/internal/state/health.go:133.2,133.33 1 1
github.com/signalridge/slipway/internal/state/health.go:133.33,134.57 1 1
github.com/signalridge/slipway/internal/state/health.go:134.57,136.4 1 0
github.com/signalridge/slipway/internal/state/health.go:138.2,138.56 1 1
github.com/signalridge/slipway/internal/state/health.go:138.56,139.57 1 1
github.com/signalridge/slipway/internal/state/health.go:139.57,141.4 1 0
github.com/signalridge/slipway/internal/state/health.go:144.2,146.33 3 1
github.com/signalridge/slipway/internal/state/health.go:146.33,147.48 1 1
github.com/signalridge/slipway/internal/state/health.go:147.48,150.4 2 1
github.com/signalridge/slipway/internal/state/health.go:151.3,152.23 2 1
github.com/signalridge/slipway/internal/state/health.go:152.23,154.4 1 0
github.com/signalridge/slipway/internal/state/health.go:155.3,155.23 1 1
github.com/signalridge/slipway/internal/state/health.go:155.23,158.18 3 1
github.com/signalridge/slipway/internal/state/health.go:158.18,160.5 1 0
github.com/signalridge/slipway/internal/state/health.go:161.4,169.6 1 1
github.com/signalridge/slipway/internal/state/health.go:172.2,172.21 1 1
github.com/signalridge/slipway/internal/state/health.go:172.21,182.3 2 0
github.com/signalridge/slipway/internal/state/health.go:183.2,183.42 1 1
github.com/signalridge/slipway/internal/state/health.go:183.42,185.3 1 1
github.com/signalridge/slipway/internal/state/health.go:187.2,188.16 2 1
github.com/signalridge/slipway/internal/state/health.go:188.16,190.3 1 0
github.com/signalridge/slipway/internal/state/health.go:191.2,191.40 1 1
github.com/signalridge/slipway/internal/state/health.go:191.40,202.3 1 1
github.com/signalridge/slipway/internal/state/health.go:204.2,205.57 2 1
github.com/signalridge/slipway/internal/state/health.go:205.57,206.31 1 1
github.com/signalridge/slipway/internal/state/health.go:206.31,208.4 1 1
github.com/signalridge/slipway/internal/state/health.go:209.3,209.41 1 0
github.com/signalridge/slipway/internal/state/health.go:212.2,212.46 1 1
github.com/signalridge/slipway/internal/state/health.go:215.78,217.26 2 1
github.com/signalridge/slipway/internal/state/health.go:217.26,218.62 1 1
github.com/signalridge/slipway/internal/state/health.go:218.62,219.12 1 1
github.com/signalridge/slipway/internal/state/health.go:221.3,221.102 1 1
github.com/signalridge/slipway/internal/state/health.go:221.102,224.12 3 1
github.com/signalridge/slipway/internal/state/health.go:226.3,226.56 1 1
github.com/signalridge/slipway/internal/state/health.go:226.56,229.12 3 1
github.com/signalridge/slipway/internal/state/health.go:231.3,232.68 2 1
github.com/signalridge/slipway/internal/state/health.go:236.85,237.57 1 1
github.com/signalridge/slipway/internal/state/health.go:237.57,239.3 1 0
github.com/signalridge/slipway/internal/state/health.go:240.2,240.78 1 1
github.com/signalridge/slipway/internal/state/health.go:240.78,250.3 1 1
github.com/signalridge/slipway/internal/state/health.go:251.2,251.12 1 1
github.com/signalridge/slipway/internal/state/health.go:254.97,259.54 3 1
github.com/signalridge/slipway/internal/state/health.go:259.54,261.3 1 0
github.com/signalridge/slipway/internal/state/health.go:263.2,265.51 3 1
github.com/signalridge/slipway/internal/state/health.go:265.51,267.17 2 1
github.com/signalridge/slipway/internal/state/health.go:267.17,268.50 1 1
github.com/signalridge/slipway/internal/state/health.go:268.50,283.5 2 1
github.com/signalridge/slipway/internal/state/health.go:284.4,293.24 2 1
github.com/signalridge/slipway/internal/state/health.go:295.3,295.18 1 1
github.com/signalridge/slipway/internal/state/health.go:296.8,298.17 2 0
github.com/signalridge/slipway/internal/state/health.go:298.17,309.4 2 0
github.com/signalridge/slipway/internal/state/health.go:310.3,310.24 1 0
github.com/signalridge/slipway/internal/state/health.go:310.24,321.4 2 0
github.com/signalridge/slipway/internal/state/health.go:322.3,326.21 4 0
github.com/signalridge/slipway/internal/state/health.go:326.21,328.4 1 0
github.com/signalridge/slipway/internal/state/health.go:329.3,329.21 1 0
github.com/signalridge/slipway/internal/state/health.go:329.21,331.4 1 0
github.com/signalridge/slipway/internal/state/health.go:332.3,334.28 1 0
github.com/signalridge/slipway/internal/state/health.go:334.28,345.4 2 0
github.com/signalridge/slipway/internal/state/health.go:348.2,348.58 1 1
github.com/signalridge/slipway/internal/state/health.go:348.58,350.3 1 1
github.com/signalridge/slipway/internal/state/health.go:351.2,351.47 1 1
github.com/signalridge/slipway/internal/state/health.go:351.47,352.50 1 0
github.com/signalridge/slipway/internal/state/health.go:352.50,353.12 1 0
github.com/signalridge/slipway/internal/state/health.go:355.3,363.5 1 0
github.com/signalridge/slipway/internal/state/health.go:366.2,367.16 2 1
github.com/signalridge/slipway/internal/state/health.go:367.16,378.3 2 0
github.com/signalridge/slipway/internal/state/health.go:379.2,379.20 1 1
github.com/signalridge/slipway/internal/state/health.go:379.20,389.3 1 1
github.com/signalridge/slipway/internal/state/health.go:389.8,389.40 1 1
github.com/signalridge/slipway/internal/state/health.go:389.40,399.3 1 1
github.com/signalridge/slipway/internal/state/health.go:400.2,400.81 1 1
github.com/signalridge/slipway/internal/state/health.go:400.81,412.3 1 1
github.com/signalridge/slipway/internal/state/health.go:414.2,415.16 2 1
github.com/signalridge/slipway/internal/state/health.go:415.16,417.3 1 0
github.com/signalridge/slipway/internal/state/health.go:418.2,418.33 1 1
github.com/signalridge/slipway/internal/state/health.go:418.33,420.44 2 1
github.com/signalridge/slipway/internal/state/health.go:420.44,422.4 1 1
github.com/signalridge/slipway/internal/state/health.go:423.3,431.5 1 1
github.com/signalridge/slipway/internal/state/health.go:433.2,433.23 1 1
github.com/signalridge/slipway/internal/state/health.go:433.23,443.3 1 0
github.com/signalridge/slipway/internal/state/health.go:445.2,445.22 1 1
github.com/signalridge/slipway/internal/state/health.go:448.70,454.49 2 1
github.com/signalridge/slipway/internal/state/health.go:454.49,465.3 2 1
github.com/signalridge/slipway/internal/state/health.go:466.2,466.17 1 1
github.com/signalridge/slipway/internal/state/health.go:472.63,475.16 3 1
github.com/signalridge/slipway/internal/state/health.go:475.16,477.3 1 0
github.com/signalridge/slipway/internal/state/health.go:479.2,480.31 2 1
github.com/signalridge/slipway/internal/state/health.go:480.31,482.17 2 1
github.com/signalridge/slipway/internal/state/health.go:482.17,483.38 1 0
github.com/signalridge/slipway/internal/state/health.go:483.38,484.13 1 0
github.com/signalridge/slipway/internal/state/health.go:486.4,486.19 1 0
github.com/signalridge/slipway/internal/state/health.go:488.3,488.20 1 1
github.com/signalridge/slipway/internal/state/health.go:488.20,490.4 1 1
github.com/signalridge/slipway/internal/state/health.go:492.2,493.19 2 1
github.com/signalridge/slipway/internal/state/health.go:496.73,500.16 3 1
github.com/signalridge/slipway/internal/state/health.go:500.16,502.3 1 0
github.com/signalridge/slipway/internal/state/health.go:503.2,503.36 1 1
github.com/signalridge/slipway/internal/state/health.go:503.36,513.3 2 1
github.com/signalridge/slipway/internal/state/health.go:515.2,515.22 1 1
github.com/signalridge/slipway/internal/state/health.go:518.99,519.29 1 1
github.com/signalridge/slipway/internal/state/health.go:520.70,520.70 0 1
github.com/signalridge/slipway/internal/state/health.go:521.10,522.18 1 0
github.com/signalridge/slipway/internal/state/health.go:524.2,525.16 2 1
github.com/signalridge/slipway/internal/state/health.go:525.16,527.3 1 0
github.com/signalridge/slipway/internal/state/health.go:528.2,530.21 3 1
github.com/signalridge/slipway/internal/state/health.go:530.21,532.3 1 0
github.com/signalridge/slipway/internal/state/health.go:533.2,533.46 1 1
github.com/signalridge/slipway/internal/state/health.go:536.84,537.23 1 1
github.com/signalridge/slipway/internal/state/health.go:537.23,539.3 1 0
github.com/signalridge/slipway/internal/state/health.go:540.2,540.33 1 1
github.com/signalridge/slipway/internal/state/health.go:540.33,541.22 1 1
github.com/signalridge/slipway/internal/state/health.go:542.75,543.12 1 1
github.com/signalridge/slipway/internal/state/health.go:544.11,545.138 1 1
github.com/signalridge/slipway/internal/state/health.go:548.2,548.92 1 1
github.com/signalridge/slipway/internal/state/health.go:551.102,553.24 2 1
github.com/signalridge/slipway/internal/state/health.go:553.24,555.3 1 1
github.com/signalridge/slipway/internal/state/health.go:556.2,557.16 2 1
github.com/signalridge/slipway/internal/state/health.go:557.16,559.3 1 0
github.com/signalridge/slipway/internal/state/health.go:560.2,561.39 2 1
github.com/signalridge/slipway/internal/state/health.go:561.39,563.3 1 1
github.com/signalridge/slipway/internal/state/health.go:564.2,564.39 1 1
github.com/signalridge/slipway/internal/state/health.go:564.39,566.3 1 0
github.com/signalridge/slipway/internal/state/health.go:567.2,567.21 1 1
github.com/signalridge/slipway/internal/state/health.go:575.83,577.16 2 1
github.com/signalridge/slipway/internal/state/health.go:577.16,579.3 1 0
github.com/signalridge/slipway/internal/state/health.go:580.2,580.30 1 1
github.com/signalridge/slipway/internal/state/health.go:580.30,582.3 1 1
github.com/signalridge/slipway/internal/state/health.go:584.2,585.51 2 1
github.com/signalridge/slipway/internal/state/health.go:585.51,586.43 1 1
github.com/signalridge/slipway/internal/state/health.go:586.43,587.12 1 1
github.com/signalridge/slipway/internal/state/health.go:590.3,591.17 2 1
github.com/signalridge/slipway/internal/state/health.go:591.17,592.38 1 0
github.com/signalridge/slipway/internal/state/health.go:592.38,593.13 1 0
github.com/signalridge/slipway/internal/state/health.go:595.4,595.41 1 0
github.com/signalridge/slipway/internal/state/health.go:597.3,597.33 1 1
github.com/signalridge/slipway/internal/state/health.go:597.33,598.52 1 1
github.com/signalridge/slipway/internal/state/health.go:598.52,599.13 1 0
github.com/signalridge/slipway/internal/state/health.go:601.4,602.18 2 1
github.com/signalridge/slipway/internal/state/health.go:602.18,603.39 1 1
github.com/signalridge/slipway/internal/state/health.go:603.39,604.14 1 1
github.com/signalridge/slipway/internal/state/health.go:606.5,615.13 2 1
github.com/signalridge/slipway/internal/state/health.go:617.4,619.18 3 1
github.com/signalridge/slipway/internal/state/health.go:619.18,621.5 1 0
github.com/signalridge/slipway/internal/state/health.go:622.4,623.18 2 1
github.com/signalridge/slipway/internal/state/health.go:623.18,625.5 1 0
github.com/signalridge/slipway/internal/state/health.go:626.4,627.18 2 1
github.com/signalridge/slipway/internal/state/health.go:627.18,629.5 1 0
github.com/signalridge/slipway/internal/state/health.go:630.4,630.59 1 1
github.com/signalridge/slipway/internal/state/health.go:630.59,631.13 1 0
github.com/signalridge/slipway/internal/state/health.go:633.4,635.18 3 1
github.com/signalridge/slipway/internal/state/health.go:635.18,637.5 1 0
github.com/signalridge/slipway/internal/state/health.go:638.4,638.25 1 1
github.com/signalridge/slipway/internal/state/health.go:638.25,639.13 1 0
github.com/signalridge/slipway/internal/state/health.go:641.4,650.6 2 1
github.com/signalridge/slipway/internal/state/health.go:653.2,653.25 1 1
github.com/signalridge/slipway/internal/state/health.go:658.55,663.16 2 1
github.com/signalridge/slipway/internal/state/health.go:663.16,665.3 1 1
github.com/signalridge/slipway/internal/state/health.go:666.2,667.47 2 1
github.com/signalridge/slipway/internal/state/health.go:667.47,669.17 2 1
github.com/signalridge/slipway/internal/state/health.go:669.17,670.38 1 1
github.com/signalridge/slipway/internal/state/health.go:670.38,671.13 1 1
github.com/signalridge/slipway/internal/state/health.go:673.4,673.19 1 1
github.com/signalridge/slipway/internal/state/health.go:675.3,675.33 1 1
github.com/signalridge/slipway/internal/state/health.go:675.33,676.52 1 1
github.com/signalridge/slipway/internal/state/health.go:676.52,677.13 1 0
github.com/signalridge/slipway/internal/state/health.go:679.4,680.49 2 1
github.com/signalridge/slipway/internal/state/health.go:680.49,681.39 1 1
github.com/signalridge/slipway/internal/state/health.go:681.39,683.25 2 1
github.com/signalridge/slipway/internal/state/health.go:683.25,685.7 1 0
github.com/signalridge/slipway/internal/state/health.go:686.6,686.19 1 1
github.com/signalridge/slipway/internal/state/health.go:686.19,687.15 1 1
github.com/signalridge/slipway/internal/state/health.go:689.6,690.14 2 1
github.com/signalridge/slipway/internal/state/health.go:692.5,692.20 1 0
github.com/signalridge/slipway/internal/state/health.go:696.2,697.37 2 1
github.com/signalridge/slipway/internal/state/health.go:702.62,704.16 2 0
github.com/signalridge/slipway/internal/state/health.go:704.16,705.37 1 0
github.com/signalridge/slipway/internal/state/health.go:705.37,707.4 1 0
github.com/signalridge/slipway/internal/state/health.go:708.3,708.18 1 0
github.com/signalridge/slipway/internal/state/health.go:711.2,712.32 2 0
github.com/signalridge/slipway/internal/state/health.go:712.32,713.21 1 0
github.com/signalridge/slipway/internal/state/health.go:713.21,714.12 1 0
github.com/signalridge/slipway/internal/state/health.go:716.3,717.50 2 0
github.com/signalridge/slipway/internal/state/health.go:717.50,718.12 1 0
github.com/signalridge/slipway/internal/state/health.go:720.3,720.51 1 0
github.com/signalridge/slipway/internal/state/health.go:720.51,721.12 1 0
github.com/signalridge/slipway/internal/state/health.go:723.3,724.17 2 0
github.com/signalridge/slipway/internal/state/health.go:724.17,726.4 1 0
github.com/signalridge/slipway/internal/state/health.go:727.3,727.16 1 0
github.com/signalridge/slipway/internal/state/health.go:727.16,728.12 1 0
github.com/signalridge/slipway/internal/state/health.go:730.3,730.30 1 0
github.com/signalridge/slipway/internal/state/health.go:732.2,733.35 2 0
github.com/signalridge/slipway/internal/state/health.go:736.61,738.16 2 0
github.com/signalridge/slipway/internal/state/health.go:738.16,740.3 1 0
github.com/signalridge/slipway/internal/state/health.go:741.2,741.47 1 0
github.com/signalridge/slipway/internal/state/health.go:741.47,743.17 2 0
github.com/signalridge/slipway/internal/state/health.go:743.17,745.4 1 0
github.com/signalridge/slipway/internal/state/health.go:746.3,746.37 1 0
github.com/signalridge/slipway/internal/state/health.go:746.37,747.12 1 0
github.com/signalridge/slipway/internal/state/health.go:749.3,749.20 1 0
github.com/signalridge/slipway/internal/state/health.go:751.2,751.19 1 0
github.com/signalridge/slipway/internal/state/health.go:754.31,756.2 1 1
github.com/signalridge/slipway/internal/state/lifecycle.go:28.66,30.16 2 1
github.com/signalridge/slipway/internal/state/lifecycle.go:30.16,32.3 1 0
github.com/signalridge/slipway/internal/state/lifecycle.go:33.2,33.46 1 1
github.com/signalridge/slipway/internal/state/lifecycle.go:36.71,38.16 2 1
github.com/signalridge/slipway/internal/state/lifecycle.go:38.16,40.3 1 0
github.com/signalridge/slipway/internal/state/lifecycle.go:41.2,41.28 1 1
github.com/signalridge/slipway/internal/state/lifecycle.go:45.66,46.90 1 1
github.com/signalridge/slipway/internal/state/lifecycle.go:46.90,48.3 1 1
github.com/signalridge/slipway/internal/state/lifecycle.go:49.2,49.12 1 1
github.com/signalridge/slipway/internal/state/lifecycle.go:53.95,54.22 1 1
github.com/signalridge/slipway/internal/state/lifecycle.go:54.22,56.3 1 0
github.com/signalridge/slipway/internal/state/lifecycle.go:57.2,58.39 2 1
github.com/signalridge/slipway/internal/state/lifecycle.go:58.39,61.3 2 1
github.com/signalridge/slipway/internal/state/lifecycle.go:62.2,62.12 1 1
github.com/signalridge/slipway/internal/state/lifecycle.go:70.25,71.23 1 1
github.com/signalridge/slipway/internal/state/lifecycle.go:71.23,73.3 1 1
github.com/signalridge/slipway/internal/state/lifecycle.go:75.2,75.21 1 1
github.com/signalridge/slipway/internal/state/lifecycle.go:76.30,77.66 1 1
github.com/signalridge/slipway/internal/state/lifecycle.go:77.66,79.4 1 1
github.com/signalridge/slipway/internal/state/lifecycle.go:80.35,81.96 1 1
github.com/signalridge/slipway/internal/state/lifecycle.go:81.96,86.4 1 0
github.com/signalridge/slipway/internal/state/lifecycle.go:87.10,88.79 1 0
github.com/signalridge/slipway/internal/state/lifecycle.go:91.2,108.16 7 1
github.com/signalridge/slipway/internal/state/lifecycle.go:108.16,110.3 1 0
github.com/signalridge/slipway/internal/state/lifecycle.go:111.2,112.16 2 1
github.com/signalridge/slipway/internal/state/lifecycle.go:112.16,114.3 1 0
github.com/signalridge/slipway/internal/state/lifecycle.go:115.2,117.16 3 1
github.com/signalridge/slipway/internal/state/lifecycle.go:117.16,119.3 1 0
github.com/signalridge/slipway/internal/state/lifecycle.go:120.2,120.83 1 1
github.com/signalridge/slipway/internal/state/lifecycle.go:120.83,122.3 1 1
github.com/signalridge/slipway/internal/state/lifecycle.go:123.2,124.77 2 1
github.com/signalridge/slipway/internal/state/lifecycle.go:124.77,125.100 1 0
github.com/signalridge/slipway/internal/state/lifecycle.go:125.100,127.4 1 0
github.com/signalridge/slipway/internal/state/lifecycle.go:128.3,128.86 1 0
github.com/signalridge/slipway/internal/state/lifecycle.go:128.86,130.4 1 0
github.com/signalridge/slipway/internal/state/lifecycle.go:131.3,131.29 1 0
github.com/signalridge/slipway/internal/state/lifecycle.go:133.2,133.123 1 1
[...]
github.com/signalridge/slipway/cmd/tool_sarif.go:48.2,49.32 2 1
github.com/signalridge/slipway/cmd/tool_sarif.go:49.32,50.62 1 1
github.com/signalridge/slipway/cmd/tool_sarif.go:50.62,51.12 1 0
github.com/signalridge/slipway/cmd/tool_sarif.go:53.3,53.61 1 1
github.com/signalridge/slipway/cmd/tool_sarif.go:55.2,56.21 2 1
github.com/signalridge/slipway/cmd/tool_sarif.go:56.21,58.3 1 0
github.com/signalridge/slipway/cmd/tool_sarif.go:60.2,62.29 3 1
github.com/signalridge/slipway/cmd/tool_sarif.go:62.29,64.17 2 1
github.com/signalridge/slipway/cmd/tool_sarif.go:64.17,66.12 2 0
github.com/signalridge/slipway/cmd/tool_sarif.go:68.3,69.51 2 1
github.com/signalridge/slipway/cmd/tool_sarif.go:69.51,71.12 2 1
github.com/signalridge/slipway/cmd/tool_sarif.go:73.3,73.65 1 1
github.com/signalridge/slipway/cmd/tool_sarif.go:73.65,81.4 1 1
github.com/signalridge/slipway/cmd/tool_sarif.go:82.3,82.27 1 1
github.com/signalridge/slipway/cmd/tool_sarif.go:84.2,84.22 1 1
github.com/signalridge/slipway/cmd/tool_sarif.go:84.22,92.3 1 1
github.com/signalridge/slipway/cmd/tool_sarif.go:94.2,101.69 3 1
github.com/signalridge/slipway/cmd/tool_sarif.go:101.69,103.3 1 0
github.com/signalridge/slipway/cmd/tool_sarif.go:104.2,105.16 2 1
github.com/signalridge/slipway/cmd/tool_sarif.go:105.16,107.3 1 0
github.com/signalridge/slipway/cmd/tool_sarif.go:108.2,109.74 2 1
github.com/signalridge/slipway/cmd/tool_sarif.go:109.74,111.3 1 0
github.com/signalridge/slipway/cmd/tool_sarif.go:112.2,113.12 2 1
github.com/signalridge/slipway/cmd/tool_sarif.go:116.51,119.27 3 1
github.com/signalridge/slipway/cmd/tool_sarif.go:119.27,120.45 1 1
github.com/signalridge/slipway/cmd/tool_sarif.go:120.45,123.11 3 1
github.com/signalridge/slipway/cmd/tool_sarif.go:123.11,127.5 3 1
github.com/signalridge/slipway/cmd/tool_sarif.go:128.4,128.52 1 1
github.com/signalridge/slipway/cmd/tool_sarif.go:131.2,131.41 1 1
github.com/signalridge/slipway/cmd/tool_sarif.go:131.41,134.3 2 1
github.com/signalridge/slipway/cmd/tool_sarif.go:136.2,137.31 2 1
github.com/signalridge/slipway/cmd/tool_sarif.go:137.31,139.26 2 1
github.com/signalridge/slipway/cmd/tool_sarif.go:139.26,141.4 1 1
github.com/signalridge/slipway/cmd/tool_sarif.go:146.3,148.36 3 1
github.com/signalridge/slipway/cmd/tool_sarif.go:148.36,149.48 1 1
github.com/signalridge/slipway/cmd/tool_sarif.go:149.48,150.51 1 1
github.com/signalridge/slipway/cmd/tool_sarif.go:150.51,152.6 1 1
github.com/signalridge/slipway/cmd/tool_sarif.go:161.3,167.48 3 1
github.com/signalridge/slipway/cmd/tool_sarif.go:167.48,169.4 1 0
github.com/signalridge/slipway/cmd/tool_sarif.go:170.3,171.23 2 1
github.com/signalridge/slipway/cmd/tool_sarif.go:171.23,173.4 1 0
github.com/signalridge/slipway/cmd/tool_sarif.go:174.3,179.31 4 1
github.com/signalridge/slipway/cmd/tool_sarif.go:179.31,181.4 1 1
github.com/signalridge/slipway/cmd/tool_sarif.go:181.9,183.4 1 1
github.com/signalridge/slipway/cmd/tool_sarif.go:184.3,184.28 1 1
github.com/signalridge/slipway/cmd/tool_sarif.go:186.2,186.12 1 1
github.com/signalridge/slipway/cmd/tool_sarif.go:189.57,192.26 3 1
github.com/signalridge/slipway/cmd/tool_sarif.go:192.26,194.3 1 0
github.com/signalridge/slipway/cmd/tool_sarif.go:195.2,197.19 3 1
github.com/signalridge/slipway/cmd/tool_sarif.go:197.19,199.3 1 1
github.com/signalridge/slipway/cmd/tool_sarif.go:200.2,204.3 1 1
github.com/signalridge/slipway/cmd/tool_sarif.go:207.52,210.27 3 1
github.com/signalridge/slipway/cmd/tool_sarif.go:210.27,211.85 1 1
github.com/signalridge/slipway/cmd/tool_sarif.go:211.85,213.28 2 1
github.com/signalridge/slipway/cmd/tool_sarif.go:213.28,214.13 1 1
github.com/signalridge/slipway/cmd/tool_sarif.go:216.4,217.45 2 1
github.com/signalridge/slipway/cmd/tool_sarif.go:220.2,220.40 1 1
github.com/signalridge/slipway/cmd/tool_sarif.go:220.40,222.3 1 1
github.com/signalridge/slipway/cmd/tool_sarif.go:223.2,224.29 2 1
github.com/signalridge/slipway/cmd/tool_sarif.go:224.29,226.3 1 1
github.com/signalridge/slipway/cmd/tool_sarif.go:227.2,227.12 1 1
github.com/signalridge/slipway/cmd/tool_sarif.go:237.74,240.59 3 1
github.com/signalridge/slipway/cmd/tool_sarif.go:240.59,241.43 1 1
github.com/signalridge/slipway/cmd/tool_sarif.go:241.43,243.4 1 1
github.com/signalridge/slipway/cmd/tool_sarif.go:244.3,245.24 2 1
github.com/signalridge/slipway/cmd/tool_sarif.go:245.24,248.4 2 1
github.com/signalridge/slipway/cmd/tool_sarif.go:249.3,251.5 1 1
github.com/signalridge/slipway/cmd/tool_sarif.go:253.2,253.27 1 1
github.com/signalridge/slipway/cmd/tool_sarif.go:253.27,254.55 1 1
github.com/signalridge/slipway/cmd/tool_sarif.go:254.55,257.4 2 1
github.com/signalridge/slipway/cmd/tool_sarif.go:258.3,258.51 1 1
github.com/signalridge/slipway/cmd/tool_sarif.go:258.51,259.59 1 1
github.com/signalridge/slipway/cmd/tool_sarif.go:259.59,261.5 1 1
github.com/signalridge/slipway/cmd/tool_sarif.go:264.2,264.30 1 1
github.com/signalridge/slipway/cmd/tool_sarif.go:275.119,278.27 3 1
github.com/signalridge/slipway/cmd/tool_sarif.go:278.27,281.51 3 1
github.com/signalridge/slipway/cmd/tool_sarif.go:281.51,286.17 5 1
github.com/signalridge/slipway/cmd/tool_sarif.go:286.17,287.13 1 0
github.com/signalridge/slipway/cmd/tool_sarif.go:289.4,290.37 2 1
github.com/signalridge/slipway/cmd/tool_sarif.go:293.2,293.42 1 1
github.com/signalridge/slipway/cmd/tool_sarif.go:293.42,295.3 1 1
github.com/signalridge/slipway/cmd/tool_sarif.go:296.2,297.33 2 1
github.com/signalridge/slipway/cmd/tool_sarif.go:297.33,299.3 1 1
github.com/signalridge/slipway/cmd/tool_sarif.go:300.2,300.12 1 1
github.com/signalridge/slipway/cmd/tool_sarif.go:308.110,313.20 5 1
github.com/signalridge/slipway/cmd/tool_sarif.go:313.20,315.3 1 1
github.com/signalridge/slipway/cmd/tool_sarif.go:319.2,319.18 1 1
github.com/signalridge/slipway/cmd/tool_sarif.go:319.18,320.18 1 1
github.com/signalridge/slipway/cmd/tool_sarif.go:320.18,322.4 1 1
github.com/signalridge/slipway/cmd/tool_sarif.go:322.9,322.29 1 1
github.com/signalridge/slipway/cmd/tool_sarif.go:322.29,324.4 1 1
github.com/signalridge/slipway/cmd/tool_sarif.go:325.3,325.19 1 1
github.com/signalridge/slipway/cmd/tool_sarif.go:325.19,327.4 1 1
github.com/signalridge/slipway/cmd/tool_sarif.go:330.2,331.32 2 1
github.com/signalridge/slipway/cmd/tool_sarif.go:331.32,332.18 1 1
github.com/signalridge/slipway/cmd/tool_sarif.go:332.18,334.4 1 1
github.com/signalridge/slipway/cmd/tool_sarif.go:335.3,335.22 1 1
github.com/signalridge/slipway/cmd/tool_sarif.go:335.22,338.4 2 1
github.com/signalridge/slipway/cmd/tool_sarif.go:339.3,339.9 1 1
github.com/signalridge/slipway/cmd/tool_sarif.go:342.2,343.21 2 1
github.com/signalridge/slipway/cmd/tool_sarif.go:343.21,346.3 2 0
github.com/signalridge/slipway/cmd/tool_sarif.go:349.67,350.40 1 1
github.com/signalridge/slipway/cmd/tool_sarif.go:350.40,352.3 1 0
github.com/signalridge/slipway/cmd/tool_sarif.go:353.2,353.44 1 1
github.com/signalridge/slipway/cmd/tool_sarif.go:363.125,364.57 1 1
github.com/signalridge/slipway/cmd/tool_sarif.go:364.57,367.26 3 1
github.com/signalridge/slipway/cmd/tool_sarif.go:367.26,370.17 2 1
github.com/signalridge/slipway/cmd/tool_sarif.go:370.17,372.5 1 1
github.com/signalridge/slipway/cmd/tool_sarif.go:374.3,374.64 1 1
github.com/signalridge/slipway/cmd/tool_sarif.go:374.64,377.4 2 1
github.com/signalridge/slipway/cmd/tool_sarif.go:378.3,378.13 1 0
github.com/signalridge/slipway/cmd/tool_sarif.go:378.13,380.4 1 0
github.com/signalridge/slipway/cmd/tool_sarif.go:384.76,385.44 1 1
github.com/signalridge/slipway/cmd/tool_sarif.go:385.44,387.3 1 0
github.com/signalridge/slipway/cmd/tool_sarif.go:388.2,388.71 1 1
github.com/signalridge/slipway/cmd/tool_sarif.go:395.63,396.30 1 1
github.com/signalridge/slipway/cmd/tool_sarif.go:397.22,398.64 1 1
github.com/signalridge/slipway/cmd/tool_sarif.go:398.64,400.4 1 1
github.com/signalridge/slipway/cmd/tool_sarif.go:401.3,401.31 1 1
github.com/signalridge/slipway/cmd/tool_sarif.go:401.31,403.4 1 1
github.com/signalridge/slipway/cmd/tool_sarif.go:404.13,405.31 1 1
github.com/signalridge/slipway/cmd/tool_sarif.go:405.31,407.4 1 1
github.com/signalridge/slipway/cmd/tool_sarif.go:411.48,414.2 2 1
github.com/signalridge/slipway/cmd/tool_sarif.go:416.25,417.25 1 1
github.com/signalridge/slipway/cmd/tool_sarif.go:418.11,419.11 1 0
github.com/signalridge/slipway/cmd/tool_sarif.go:420.15,421.16 1 1
github.com/signalridge/slipway/cmd/tool_sarif.go:422.19,424.16 2 0
github.com/signalridge/slipway/cmd/tool_sarif.go:425.10,426.11 1 0
github.com/signalridge/slipway/cmd/tool_sarif.go:433.78,436.24 3 1
github.com/signalridge/slipway/cmd/tool_sarif.go:436.24,438.3 1 1
github.com/signalridge/slipway/cmd/tool_sarif.go:439.2,443.26 5 1
github.com/signalridge/slipway/cmd/tool_sarif.go:446.51,449.2 2 1
github.com/signalridge/slipway/cmd/tool_sarif.go:454.48,457.20 3 1
github.com/signalridge/slipway/cmd/tool_sarif.go:457.20,459.3 1 1
github.com/signalridge/slipway/cmd/tool_sarif.go:460.2,460.18 1 1
github.com/signalridge/slipway/cmd/tool_sarif.go:460.18,462.3 1 1
github.com/signalridge/slipway/cmd/tool_sarif.go:463.2,463.22 1 1
github.com/signalridge/slipway/cmd/tool_sarif.go:466.55,467.95 1 1
github.com/signalridge/slipway/cmd/tool_sarif.go:467.95,468.32 1 1
github.com/signalridge/slipway/cmd/tool_sarif.go:468.32,470.4 1 1
github.com/signalridge/slipway/cmd/tool_sarif.go:474.48,476.44 2 1
github.com/signalridge/slipway/cmd/tool_sarif.go:476.44,478.3 1 1
github.com/signalridge/slipway/cmd/tool_sarif.go:479.2,479.14 1 1
github.com/signalridge/slipway/cmd/tool_sarif.go:482.62,485.27 3 1
github.com/signalridge/slipway/cmd/tool_sarif.go:485.27,486.46 1 1
github.com/signalridge/slipway/cmd/tool_sarif.go:486.46,488.4 1 1
github.com/signalridge/slipway/cmd/tool_sarif.go:490.2,490.12 1 1
github.com/signalridge/slipway/cmd/tool_sarif.go:493.60,494.14 1 1
github.com/signalridge/slipway/cmd/tool_sarif.go:494.14,496.3 1 1
github.com/signalridge/slipway/cmd/tool_sarif.go:497.2,497.44 1 1
github.com/signalridge/slipway/cmd/tool_sarif.go:497.44,499.3 1 1
github.com/signalridge/slipway/cmd/tool_sarif.go:500.2,500.25 1 0
github.com/signalridge/slipway/cmd/tool_sarif.go:503.55,504.36 1 1
github.com/signalridge/slipway/cmd/tool_sarif.go:504.36,506.3 1 1
github.com/signalridge/slipway/cmd/tool_sarif.go:507.2,507.11 1 1
github.com/signalridge/slipway/cmd/tool_sarif.go:510.49,511.30 1 1
github.com/signalridge/slipway/cmd/tool_sarif.go:512.11,513.13 1 0
github.com/signalridge/slipway/cmd/tool_sarif.go:514.15,515.18 1 1
github.com/signalridge/slipway/cmd/tool_sarif.go:516.19,518.16 2 0
github.com/signalridge/slipway/cmd/tool_sarif.go:519.10,520.11 1 0
github.com/signalridge/slipway/cmd/tool_sarif.go:524.53,525.15 1 1
github.com/signalridge/slipway/cmd/tool_sarif.go:525.15,527.3 1 0
github.com/signalridge/slipway/cmd/tool_sarif.go:528.2,529.16 2 1
github.com/signalridge/slipway/cmd/tool_sarif.go:529.16,531.3 1 0
github.com/signalridge/slipway/cmd/tool_sarif.go:532.2,533.50 2 1
github.com/signalridge/slipway/cmd/tool_sarif.go:533.50,535.3 1 0
github.com/signalridge/slipway/cmd/tool_sarif.go:536.2,536.12 1 1
github.com/signalridge/slipway/cmd/tool_variant.go:10.42,16.52 2 1
github.com/signalridge/slipway/cmd/tool_variant.go:16.52,18.4 1 1
github.com/signalridge/slipway/cmd/tool_variant.go:20.2,26.12 7 1
github.com/signalridge/slipway/cmd/tool_variant.go:38.68,41.46 3 1
github.com/signalridge/slipway/cmd/tool_variant.go:41.46,43.3 1 1
github.com/signalridge/slipway/cmd/tool_variant.go:44.2,50.21 6 1
github.com/signalridge/slipway/cmd/tool_variant.go:51.16,52.37 1 1
github.com/signalridge/slipway/cmd/tool_variant.go:53.17,54.38 1 1
github.com/signalridge/slipway/cmd/tool_variant.go:55.10,56.192 1 1
github.com/signalridge/slipway/cmd/tool_variant.go:58.2,58.16 1 1
github.com/signalridge/slipway/cmd/tool_variant.go:58.16,60.3 1 0
github.com/signalridge/slipway/cmd/tool_variant.go:61.2,62.12 2 1
github.com/signalridge/slipway/cmd/tool_variant.go:65.51,66.36 1 1
github.com/signalridge/slipway/cmd/tool_variant.go:66.36,68.3 1 1
github.com/signalridge/slipway/cmd/tool_variant.go:69.2,69.14 1 0
github.com/signalridge/slipway/cmd/tool_variant.go:72.56,85.9 2 1
github.com/signalridge/slipway/cmd/tool_variant.go:85.9,87.3 1 0
github.com/signalridge/slipway/cmd/tool_variant.go:88.2,110.103 1 1
github.com/signalridge/slipway/cmd/tool_variant.go:113.57,114.23 1 1
github.com/signalridge/slipway/cmd/tool_variant.go:115.51,115.51 0 1
github.com/signalridge/slipway/cmd/tool_variant.go:116.10,117.12 1 0
github.com/signalridge/slipway/cmd/tool_variant.go:119.2,134.81 1 1
github.com/signalridge/slipway/cmd/validate.go:90.58,96.2 1 1
github.com/signalridge/slipway/cmd/validate.go:98.56,100.62 2 1
github.com/signalridge/slipway/cmd/validate.go:100.62,102.3 1 1
github.com/signalridge/slipway/cmd/validate.go:103.2,103.97 1 1
github.com/signalridge/slipway/cmd/validate.go:106.86,108.33 2 1
github.com/signalridge/slipway/cmd/validate.go:108.33,110.3 1 1
github.com/signalridge/slipway/cmd/validate.go:111.2,111.20 1 1
github.com/signalridge/slipway/cmd/validate.go:121.16,142.2 1 1
github.com/signalridge/slipway/cmd/validate.go:144.121,146.2 1 1
github.com/signalridge/slipway/cmd/validate.go:148.39,160.52 6 1
github.com/signalridge/slipway/cmd/validate.go:160.52,161.19 1 1
github.com/signalridge/slipway/cmd/validate.go:161.19,163.5 1 0
github.com/signalridge/slipway/cmd/validate.go:164.4,164.59 1 1
github.com/signalridge/slipway/cmd/validate.go:164.59,166.5 1 0
github.com/signalridge/slipway/cmd/validate.go:167.4,169.18 3 1
github.com/signalridge/slipway/cmd/validate.go:169.18,171.5 1 0
github.com/signalridge/slipway/cmd/validate.go:173.4,174.18 2 1
github.com/signalridge/slipway/cmd/validate.go:174.18,175.86 1 1
github.com/signalridge/slipway/cmd/validate.go:175.86,180.6 4 1
github.com/signalridge/slipway/cmd/validate.go:181.5,181.15 1 1
github.com/signalridge/slipway/cmd/validate.go:184.4,185.18 2 1
github.com/signalridge/slipway/cmd/validate.go:185.18,187.5 1 1
github.com/signalridge/slipway/cmd/validate.go:188.4,189.75 2 1
github.com/signalridge/slipway/cmd/validate.go:189.75,191.5 1 1
github.com/signalridge/slipway/cmd/validate.go:192.4,194.40 3 1
github.com/signalridge/slipway/cmd/validate.go:197.2,202.12 6 1
github.com/signalridge/slipway/cmd/validate.go:205.72,207.16 2 1
github.com/signalridge/slipway/cmd/validate.go:207.16,209.3 1 0
github.com/signalridge/slipway/cmd/validate.go:211.2,212.16 2 1
github.com/signalridge/slipway/cmd/validate.go:212.16,214.3 1 0
github.com/signalridge/slipway/cmd/validate.go:216.2,217.16 2 1
github.com/signalridge/slipway/cmd/validate.go:217.16,219.3 1 0
github.com/signalridge/slipway/cmd/validate.go:224.2,224.48 1 1
github.com/signalridge/slipway/cmd/validate.go:224.48,236.3 11 1
github.com/signalridge/slipway/cmd/validate.go:238.2,241.73 4 1
github.com/signalridge/slipway/cmd/validate.go:241.73,243.17 2 1
github.com/signalridge/slipway/cmd/validate.go:243.17,249.4 1 1
github.com/signalridge/slipway/cmd/validate.go:250.3,251.17 2 1
github.com/signalridge/slipway/cmd/validate.go:251.17,257.4 1 1
github.com/signalridge/slipway/cmd/validate.go:261.3,261.57 1 1
github.com/signalridge/slipway/cmd/validate.go:261.57,263.18 2 1
github.com/signalridge/slipway/cmd/validate.go:263.18,269.5 1 1
github.com/signalridge/slipway/cmd/validate.go:275.2,279.52 2 1
github.com/signalridge/slipway/cmd/validate.go:279.52,283.3 1 1
github.com/signalridge/slipway/cmd/validate.go:284.2,284.16 1 1
github.com/signalridge/slipway/cmd/validate.go:284.16,286.3 1 1
github.com/signalridge/slipway/cmd/validate.go:287.2,313.48 19 1
github.com/signalridge/slipway/cmd/validate.go:313.48,315.3 1 1
github.com/signalridge/slipway/cmd/validate.go:316.2,324.38 6 1
github.com/signalridge/slipway/cmd/validate.go:324.38,326.3 1 1
github.com/signalridge/slipway/cmd/validate.go:327.2,332.93 6 1
github.com/signalridge/slipway/cmd/validate.go:332.93,334.3 1 1
github.com/signalridge/slipway/cmd/validate.go:335.2,335.18 1 1
github.com/signalridge/slipway/cmd/validate.go:338.124,340.35 2 1
github.com/signalridge/slipway/cmd/validate.go:340.35,342.3 1 1
github.com/signalridge/slipway/cmd/validate.go:343.2,343.40 1 1
github.com/signalridge/slipway/cmd/validate.go:346.78,347.19 1 1
github.com/signalridge/slipway/cmd/validate.go:347.19,349.3 1 1
github.com/signalridge/slipway/cmd/validate.go:350.2,359.3 1 1
github.com/signalridge/slipway/cmd/validate.go:362.124,365.48 3 1
github.com/signalridge/slipway/cmd/validate.go:365.48,367.3 1 1
github.com/signalridge/slipway/cmd/validate.go:367.8,369.3 1 1
github.com/signalridge/slipway/cmd/validate.go:370.2,371.24 2 1
github.com/signalridge/slipway/cmd/validate.go:371.24,373.3 1 1
github.com/signalridge/slipway/cmd/validate.go:374.2,376.35 3 1
github.com/signalridge/slipway/cmd/validate.go:376.35,378.28 2 1
github.com/signalridge/slipway/cmd/validate.go:378.28,380.4 1 1
github.com/signalridge/slipway/cmd/validate.go:381.3,381.33 1 1
github.com/signalridge/slipway/cmd/validate.go:382.8,382.146 1 1
github.com/signalridge/slipway/cmd/validate.go:382.146,385.3 2 0
github.com/signalridge/slipway/cmd/validate.go:385.8,385.75 1 1
github.com/signalridge/slipway/cmd/validate.go:385.75,387.3 1 1
github.com/signalridge/slipway/cmd/validate.go:388.2,393.37 2 1
github.com/signalridge/slipway/cmd/validate.go:393.37,397.3 3 0
github.com/signalridge/slipway/cmd/validate.go:398.2,398.13 1 1
github.com/signalridge/slipway/cmd/workflow_preset_view.go:29.92,31.16 2 1
github.com/signalridge/slipway/cmd/workflow_preset_view.go:31.16,33.3 1 0
github.com/signalridge/slipway/cmd/workflow_preset_view.go:35.2,43.46 2 1
github.com/signalridge/slipway/cmd/workflow_preset_view.go:43.46,45.3 1 1
github.com/signalridge/slipway/cmd/workflow_preset_view.go:47.2,48.16 2 1
github.com/signalridge/slipway/cmd/workflow_preset_view.go:48.16,50.3 1 0
github.com/signalridge/slipway/cmd/workflow_preset_view.go:51.2,52.16 2 1
github.com/signalridge/slipway/cmd/workflow_preset_view.go:52.16,54.3 1 0
github.com/signalridge/slipway/cmd/workflow_preset_view.go:56.2,57.35 2 1
github.com/signalridge/slipway/cmd/workflow_preset_view.go:57.35,59.3 1 0
github.com/signalridge/slipway/cmd/workflow_preset_view.go:60.2,61.27 2 1
github.com/signalridge/slipway/cmd/workflow_preset_view.go:61.27,63.3 1 1
github.com/signalridge/slipway/cmd/workflow_preset_view.go:64.2,73.18 3 1
github.com/signalridge/slipway/cmd/workflow_preset_view.go:76.105,81.22 2 1
github.com/signalridge/slipway/cmd/workflow_preset_view.go:81.22,83.3 1 0
github.com/signalridge/slipway/cmd/workflow_preset_view.go:89.2,89.32 1 1
github.com/signalridge/slipway/cmd/workflow_preset_view.go:89.32,90.61 1 1
github.com/signalridge/slipway/cmd/workflow_preset_view.go:90.61,91.12 1 1
github.com/signalridge/slipway/cmd/workflow_preset_view.go:93.3,93.21 1 1
github.com/signalridge/slipway/cmd/workflow_preset_view.go:94.89,95.58 1 1
github.com/signalridge/slipway/cmd/workflow_preset_view.go:95.58,97.5 1 1
github.com/signalridge/slipway/cmd/workflow_preset_view.go:100.2,100.22 1 1
github.com/signalridge/slipway/cmd/workflow_preset_view.go:103.68,105.9 2 1
github.com/signalridge/slipway/cmd/workflow_preset_view.go:106.40,108.43 2 0
github.com/signalridge/slipway/cmd/workflow_preset_view.go:108.43,110.4 1 0
github.com/signalridge/slipway/cmd/workflow_preset_view.go:111.3,111.115 1 0
github.com/signalridge/slipway/cmd/workflow_preset_view.go:112.10,113.34 1 1
github.com/signalridge/slipway/cmd/workflow_preset_view.go:113.34,115.4 1 1
github.com/signalridge/slipway/cmd/workflow_preset_view.go:116.3,116.102 1 1
github.com/signalridge/slipway/cmd/workflow_preset_view.go:116.102,118.4 1 0
github.com/signalridge/slipway/cmd/workflow_preset_view.go:120.2,120.42 1 1
github.com/signalridge/slipway/cmd/workflow_preset_view.go:120.42,122.3 1 0
github.com/signalridge/slipway/cmd/workflow_preset_view.go:123.2,123.38 1 1
github.com/signalridge/slipway/cmd/workflow_preset_view.go:123.38,125.3 1 1
github.com/signalridge/slipway/cmd/workflow_preset_view.go:126.2,126.14 1 1
